2025-09-27 08:15:21.402[INFO ] : Starting SpringBootTemplateApplication using Java 17.0.12 with PID 8524 (D:\Web\Spring\Workspace\SpringBootTemplate\out\production\classes started by IDBS_Oculus in D:\Web\Spring\Workspace\SpringBootTemplate)
2025-09-27 08:15:21.404[DEBUG] : Running with Spring Boot v3.3.12, Spring v6.1.20
2025-09-27 08:15:21.405[INFO ] : No active profile set, falling back to 1 default profile: "default"
2025-09-27 08:15:21.462[INFO ] : Devtools property defaults active! Set 'spring.devtools.add-properties' to 'false' to disable
2025-09-27 08:15:21.462[INFO ] : For additional web related logging consider setting the 'logging.level.web' property to 'DEBUG'
2025-09-27 08:15:23.006[INFO ] : Tomcat initialized with port 8080 (http)
2025-09-27 08:15:23.019[INFO ] : Starting service [Tomcat]
2025-09-27 08:15:23.019[INFO ] : Starting Servlet engine: [Apache Tomcat/10.1.41]
2025-09-27 08:15:23.229[INFO ] : At least one JAR was scanned for TLDs yet contained no TLDs. Enable debug logging for this logger for a complete list of JARs that were scanned but no TLDs were found in them. Skipping unneeded JARs during scanning can improve startup time and JSP compilation time.
2025-09-27 08:15:23.238[INFO ] : Initializing Spring embedded WebApplicationContext
2025-09-27 08:15:23.239[INFO ] : Root WebApplicationContext: initialization completed in 1775 ms
2025-09-27 08:15:23.723[DEBUG] : Filter 'jwtRequestFilter' configured for use
2025-09-27 08:15:23.802[INFO ] : Global AuthenticationManager configured with UserDetailsService bean with name userDetailsServiceImpl
2025-09-27 08:15:24.422[INFO ] : LiveReload server is running on port 35729
2025-09-27 08:15:24.477[INFO ] : Tomcat started on port 8080 (http) with context path '/'
2025-09-27 08:15:24.491[INFO ] : Started SpringBootTemplateApplication in 3.88 seconds (process running for 4.761)
2025-09-27 08:15:56.060[INFO ] : Initializing Spring DispatcherServlet 'dispatcherServlet'
2025-09-27 08:15:56.061[INFO ] : Initializing Servlet 'dispatcherServlet'
2025-09-27 08:15:56.062[INFO ] : Completed initialization in 1 ms
2025-09-27 08:15:56.091[INFO ] : HikariPool-1 - Starting...
2025-09-27 08:15:56.256[INFO ] : HikariPool-1 - Added connection net.sf.log4jdbc.sql.jdbcapi.ConnectionSpy@47f5ea35
2025-09-27 08:15:56.258[INFO ] : HikariPool-1 - Start completed.
2025-09-27 08:15:56.289[DEBUG] : ==>  Preparing: SELECT id, token, expires_at, blacklisted_at FROM blacklisted_tokens WHERE token = ? AND expires_at > NOW()
2025-09-27 08:15:56.335[DEBUG] : ==> Parameters: eyJhbGciOiJIUzI1NiJ9.eyJqdGkiOiIwMzZjMGRkYS05YTRmLTQxZDAtOTg3OS1hNmY3YzBjNjAyNzUiLCJzdWIiOiJzeXN0ZW0iLCJpYXQiOjE3NTg5Mjc5MzksImV4cCI6MTc1ODkzMTUzOX0.VpIBM8fYZlYgE6BYM7_kDfjqVriYaNbNKsGts-Uxsvs(String)
2025-09-27 08:15:56.347[DEBUG] :  com.zaxxer.hikari.pool.ProxyPreparedStatement.execute(ProxyPreparedStatement.java:44)
1. SELECT id, token, expires_at, blacklisted_at
        FROM blacklisted_tokens
        WHERE token = 'eyJhbGciOiJIUzI1NiJ9.eyJqdGkiOiIwMzZjMGRkYS05YTRmLTQxZDAtOTg3OS1hNmY3YzBjNjAyNzUiLCJzdWIiOiJzeXN0ZW0iLCJpYXQiOjE3NTg5Mjc5MzksImV4cCI6MTc1ODkzMTUzOX0.VpIBM8fYZlYgE6BYM7_kDfjqVriYaNbNKsGts-Uxsvs' AND expires_at > NOW()
 {executed in 12 msec}
2025-09-27 08:15:56.371[DEBUG] : <==      Total: 0
2025-09-27 08:15:56.448[DEBUG] : ==>  Preparing: SELECT u.id, u.username, u.password, u.displayname, u.profile_picture_path, u.email, u.role_id, u.active_session_jti, u.is_deleted, u.created_at, u.updated_at, r.rolename, ar.request_id AS ar_request_id, ar.user_id AS ar_user_id, ar.req_message AS ar_req_message, ar.assigned_admin_id AS ar_assigned_admin_id, uu.displayname AS ar_assigned_admin_name, ar.is_approved AS ar_is_approved, ar.requested_at AS ar_requested_at, ar.approved_at AS ar_approved_at FROM users u JOIN roles r ON u.role_id = r.id LEFT JOIN approval_requests ar ON u.id = ar.user_id LEFT JOIN users uu ON ar.assigned_admin_id = uu.id WHERE u.username = ?
2025-09-27 08:15:56.449[DEBUG] : ==> Parameters: system(String)
2025-09-27 08:15:56.451[DEBUG] :  com.zaxxer.hikari.pool.ProxyPreparedStatement.execute(ProxyPreparedStatement.java:44)
1. SELECT
            u.id, u.username, u.password, u.displayname, u.profile_picture_path, u.email, u.role_id, u.active_session_jti, u.is_deleted, u.created_at, u.updated_at,
            r.rolename,
            ar.request_id AS ar_request_id, ar.user_id AS ar_user_id, ar.req_message AS ar_req_message, ar.assigned_admin_id AS ar_assigned_admin_id, uu.displayname AS ar_assigned_admin_name, ar.is_approved AS ar_is_approved,
            ar.requested_at AS ar_requested_at, ar.approved_at AS ar_approved_at
        FROM users u
        JOIN roles r ON u.role_id = r.id
        LEFT JOIN approval_requests ar ON u.id = ar.user_id
        LEFT JOIN users uu ON ar.assigned_admin_id = uu.id
        WHERE u.username = 'system'
 {executed in 2 msec}
2025-09-27 08:15:56.463[DEBUG] : <==      Total: 1
2025-09-27 08:15:56.465[DEBUG] : ==>  Preparing: SELECT u.id, u.username, u.password, u.displayname, u.profile_picture_path, u.email, u.role_id, u.active_session_jti, u.is_deleted, u.created_at, u.updated_at, r.rolename, ar.request_id AS ar_request_id, ar.user_id AS ar_user_id, ar.req_message AS ar_req_message, ar.assigned_admin_id AS ar_assigned_admin_id, uu.displayname AS ar_assigned_admin_name, ar.is_approved AS ar_is_approved, ar.requested_at AS ar_requested_at, ar.approved_at AS ar_approved_at FROM users u JOIN roles r ON u.role_id = r.id LEFT JOIN approval_requests ar ON u.id = ar.user_id LEFT JOIN users uu ON ar.assigned_admin_id = uu.id WHERE u.username = ?
2025-09-27 08:15:56.466[DEBUG] : ==> Parameters: system(String)
2025-09-27 08:15:56.467[DEBUG] :  com.zaxxer.hikari.pool.ProxyPreparedStatement.execute(ProxyPreparedStatement.java:44)
1. SELECT
            u.id, u.username, u.password, u.displayname, u.profile_picture_path, u.email, u.role_id, u.active_session_jti, u.is_deleted, u.created_at, u.updated_at,
            r.rolename,
            ar.request_id AS ar_request_id, ar.user_id AS ar_user_id, ar.req_message AS ar_req_message, ar.assigned_admin_id AS ar_assigned_admin_id, uu.displayname AS ar_assigned_admin_name, ar.is_approved AS ar_is_approved,
            ar.requested_at AS ar_requested_at, ar.approved_at AS ar_approved_at
        FROM users u
        JOIN roles r ON u.role_id = r.id
        LEFT JOIN approval_requests ar ON u.id = ar.user_id
        LEFT JOIN users uu ON ar.assigned_admin_id = uu.id
        WHERE u.username = 'system'
 {executed in 1 msec}
2025-09-27 08:15:56.472[DEBUG] : <==      Total: 1
2025-09-27 08:15:56.562[DEBUG] : Dashboard_UserDetails: [ROLE_SYSTEM]
2025-09-27 08:15:57.573[DEBUG] : ==>  Preparing: SELECT id, token, expires_at, blacklisted_at FROM blacklisted_tokens WHERE token = ? AND expires_at > NOW()
2025-09-27 08:15:57.574[DEBUG] : ==> Parameters: eyJhbGciOiJIUzI1NiJ9.eyJqdGkiOiIwMzZjMGRkYS05YTRmLTQxZDAtOTg3OS1hNmY3YzBjNjAyNzUiLCJzdWIiOiJzeXN0ZW0iLCJpYXQiOjE3NTg5Mjc5MzksImV4cCI6MTc1ODkzMTUzOX0.VpIBM8fYZlYgE6BYM7_kDfjqVriYaNbNKsGts-Uxsvs(String)
2025-09-27 08:15:57.575[DEBUG] :  com.zaxxer.hikari.pool.ProxyPreparedStatement.execute(ProxyPreparedStatement.java:44)
1. SELECT id, token, expires_at, blacklisted_at
        FROM blacklisted_tokens
        WHERE token = 'eyJhbGciOiJIUzI1NiJ9.eyJqdGkiOiIwMzZjMGRkYS05YTRmLTQxZDAtOTg3OS1hNmY3YzBjNjAyNzUiLCJzdWIiOiJzeXN0ZW0iLCJpYXQiOjE3NTg5Mjc5MzksImV4cCI6MTc1ODkzMTUzOX0.VpIBM8fYZlYgE6BYM7_kDfjqVriYaNbNKsGts-Uxsvs' AND expires_at > NOW()
 {executed in 1 msec}
2025-09-27 08:15:57.577[DEBUG] : <==      Total: 0
2025-09-27 08:15:57.577[DEBUG] : ==>  Preparing: SELECT id, token, expires_at, blacklisted_at FROM blacklisted_tokens WHERE token = ? AND expires_at > NOW()
2025-09-27 08:15:57.578[DEBUG] : ==> Parameters: eyJhbGciOiJIUzI1NiJ9.eyJqdGkiOiIwMzZjMGRkYS05YTRmLTQxZDAtOTg3OS1hNmY3YzBjNjAyNzUiLCJzdWIiOiJzeXN0ZW0iLCJpYXQiOjE3NTg5Mjc5MzksImV4cCI6MTc1ODkzMTUzOX0.VpIBM8fYZlYgE6BYM7_kDfjqVriYaNbNKsGts-Uxsvs(String)
2025-09-27 08:15:57.579[DEBUG] : ==>  Preparing: SELECT id, token, expires_at, blacklisted_at FROM blacklisted_tokens WHERE token = ? AND expires_at > NOW()
2025-09-27 08:15:57.579[DEBUG] : ==>  Preparing: SELECT id, token, expires_at, blacklisted_at FROM blacklisted_tokens WHERE token = ? AND expires_at > NOW()
2025-09-27 08:15:57.579[DEBUG] : ==> Parameters: eyJhbGciOiJIUzI1NiJ9.eyJqdGkiOiIwMzZjMGRkYS05YTRmLTQxZDAtOTg3OS1hNmY3YzBjNjAyNzUiLCJzdWIiOiJzeXN0ZW0iLCJpYXQiOjE3NTg5Mjc5MzksImV4cCI6MTc1ODkzMTUzOX0.VpIBM8fYZlYgE6BYM7_kDfjqVriYaNbNKsGts-Uxsvs(String)
2025-09-27 08:15:57.579[DEBUG] : ==> Parameters: eyJhbGciOiJIUzI1NiJ9.eyJqdGkiOiIwMzZjMGRkYS05YTRmLTQxZDAtOTg3OS1hNmY3YzBjNjAyNzUiLCJzdWIiOiJzeXN0ZW0iLCJpYXQiOjE3NTg5Mjc5MzksImV4cCI6MTc1ODkzMTUzOX0.VpIBM8fYZlYgE6BYM7_kDfjqVriYaNbNKsGts-Uxsvs(String)
2025-09-27 08:15:57.579[DEBUG] :  com.zaxxer.hikari.pool.ProxyPreparedStatement.execute(ProxyPreparedStatement.java:44)
2. SELECT id, token, expires_at, blacklisted_at
        FROM blacklisted_tokens
        WHERE token = 'eyJhbGciOiJIUzI1NiJ9.eyJqdGkiOiIwMzZjMGRkYS05YTRmLTQxZDAtOTg3OS1hNmY3YzBjNjAyNzUiLCJzdWIiOiJzeXN0ZW0iLCJpYXQiOjE3NTg5Mjc5MzksImV4cCI6MTc1ODkzMTUzOX0.VpIBM8fYZlYgE6BYM7_kDfjqVriYaNbNKsGts-Uxsvs' AND expires_at > NOW()
 {executed in 1 msec}
2025-09-27 08:15:57.580[DEBUG] : <==      Total: 0
2025-09-27 08:15:57.580[DEBUG] :  com.zaxxer.hikari.pool.ProxyPreparedStatement.execute(ProxyPreparedStatement.java:44)
4. SELECT id, token, expires_at, blacklisted_at
        FROM blacklisted_tokens
        WHERE token = 'eyJhbGciOiJIUzI1NiJ9.eyJqdGkiOiIwMzZjMGRkYS05YTRmLTQxZDAtOTg3OS1hNmY3YzBjNjAyNzUiLCJzdWIiOiJzeXN0ZW0iLCJpYXQiOjE3NTg5Mjc5MzksImV4cCI6MTc1ODkzMTUzOX0.VpIBM8fYZlYgE6BYM7_kDfjqVriYaNbNKsGts-Uxsvs' AND expires_at > NOW()
 {executed in 1 msec}
2025-09-27 08:15:57.580[DEBUG] :  com.zaxxer.hikari.pool.ProxyPreparedStatement.execute(ProxyPreparedStatement.java:44)
3. SELECT id, token, expires_at, blacklisted_at
        FROM blacklisted_tokens
        WHERE token = 'eyJhbGciOiJIUzI1NiJ9.eyJqdGkiOiIwMzZjMGRkYS05YTRmLTQxZDAtOTg3OS1hNmY3YzBjNjAyNzUiLCJzdWIiOiJzeXN0ZW0iLCJpYXQiOjE3NTg5Mjc5MzksImV4cCI6MTc1ODkzMTUzOX0.VpIBM8fYZlYgE6BYM7_kDfjqVriYaNbNKsGts-Uxsvs' AND expires_at > NOW()
 {executed in 1 msec}
2025-09-27 08:15:57.581[DEBUG] : <==      Total: 0
2025-09-27 08:15:57.581[DEBUG] : <==      Total: 0
2025-09-27 08:15:57.584[DEBUG] : ==>  Preparing: SELECT id, token, expires_at, blacklisted_at FROM blacklisted_tokens WHERE token = ? AND expires_at > NOW()
2025-09-27 08:15:57.584[DEBUG] : ==>  Preparing: SELECT u.id, u.username, u.password, u.displayname, u.profile_picture_path, u.email, u.role_id, u.active_session_jti, u.is_deleted, u.created_at, u.updated_at, r.rolename, ar.request_id AS ar_request_id, ar.user_id AS ar_user_id, ar.req_message AS ar_req_message, ar.assigned_admin_id AS ar_assigned_admin_id, uu.displayname AS ar_assigned_admin_name, ar.is_approved AS ar_is_approved, ar.requested_at AS ar_requested_at, ar.approved_at AS ar_approved_at FROM users u JOIN roles r ON u.role_id = r.id LEFT JOIN approval_requests ar ON u.id = ar.user_id LEFT JOIN users uu ON ar.assigned_admin_id = uu.id WHERE u.username = ?
2025-09-27 08:15:57.585[DEBUG] : ==> Parameters: eyJhbGciOiJIUzI1NiJ9.eyJqdGkiOiIwMzZjMGRkYS05YTRmLTQxZDAtOTg3OS1hNmY3YzBjNjAyNzUiLCJzdWIiOiJzeXN0ZW0iLCJpYXQiOjE3NTg5Mjc5MzksImV4cCI6MTc1ODkzMTUzOX0.VpIBM8fYZlYgE6BYM7_kDfjqVriYaNbNKsGts-Uxsvs(String)
2025-09-27 08:15:57.585[DEBUG] : ==> Parameters: system(String)
2025-09-27 08:15:57.586[DEBUG] :  com.zaxxer.hikari.pool.ProxyPreparedStatement.execute(ProxyPreparedStatement.java:44)
2. SELECT id, token, expires_at, blacklisted_at
        FROM blacklisted_tokens
        WHERE token = 'eyJhbGciOiJIUzI1NiJ9.eyJqdGkiOiIwMzZjMGRkYS05YTRmLTQxZDAtOTg3OS1hNmY3YzBjNjAyNzUiLCJzdWIiOiJzeXN0ZW0iLCJpYXQiOjE3NTg5Mjc5MzksImV4cCI6MTc1ODkzMTUzOX0.VpIBM8fYZlYgE6BYM7_kDfjqVriYaNbNKsGts-Uxsvs' AND expires_at > NOW()
 {executed in 1 msec}
2025-09-27 08:15:57.586[DEBUG] :  com.zaxxer.hikari.pool.ProxyPreparedStatement.execute(ProxyPreparedStatement.java:44)
1. SELECT
            u.id, u.username, u.password, u.displayname, u.profile_picture_path, u.email, u.role_id, u.active_session_jti, u.is_deleted, u.created_at, u.updated_at,
            r.rolename,
            ar.request_id AS ar_request_id, ar.user_id AS ar_user_id, ar.req_message AS ar_req_message, ar.assigned_admin_id AS ar_assigned_admin_id, uu.displayname AS ar_assigned_admin_name, ar.is_approved AS ar_is_approved,
            ar.requested_at AS ar_requested_at, ar.approved_at AS ar_approved_at
        FROM users u
        JOIN roles r ON u.role_id = r.id
        LEFT JOIN approval_requests ar ON u.id = ar.user_id
        LEFT JOIN users uu ON ar.assigned_admin_id = uu.id
        WHERE u.username = 'system'
 {executed in 1 msec}
2025-09-27 08:15:57.587[DEBUG] : <==      Total: 0
2025-09-27 08:15:57.587[DEBUG] : ==>  Preparing: SELECT u.id, u.username, u.password, u.displayname, u.profile_picture_path, u.email, u.role_id, u.active_session_jti, u.is_deleted, u.created_at, u.updated_at, r.rolename, ar.request_id AS ar_request_id, ar.user_id AS ar_user_id, ar.req_message AS ar_req_message, ar.assigned_admin_id AS ar_assigned_admin_id, uu.displayname AS ar_assigned_admin_name, ar.is_approved AS ar_is_approved, ar.requested_at AS ar_requested_at, ar.approved_at AS ar_approved_at FROM users u JOIN roles r ON u.role_id = r.id LEFT JOIN approval_requests ar ON u.id = ar.user_id LEFT JOIN users uu ON ar.assigned_admin_id = uu.id WHERE u.username = ?
2025-09-27 08:15:57.587[DEBUG] : ==>  Preparing: SELECT u.id, u.username, u.password, u.displayname, u.profile_picture_path, u.email, u.role_id, u.active_session_jti, u.is_deleted, u.created_at, u.updated_at, r.rolename, ar.request_id AS ar_request_id, ar.user_id AS ar_user_id, ar.req_message AS ar_req_message, ar.assigned_admin_id AS ar_assigned_admin_id, uu.displayname AS ar_assigned_admin_name, ar.is_approved AS ar_is_approved, ar.requested_at AS ar_requested_at, ar.approved_at AS ar_approved_at FROM users u JOIN roles r ON u.role_id = r.id LEFT JOIN approval_requests ar ON u.id = ar.user_id LEFT JOIN users uu ON ar.assigned_admin_id = uu.id WHERE u.username = ?
2025-09-27 08:15:57.588[DEBUG] : ==>  Preparing: SELECT u.id, u.username, u.password, u.displayname, u.profile_picture_path, u.email, u.role_id, u.active_session_jti, u.is_deleted, u.created_at, u.updated_at, r.rolename, ar.request_id AS ar_request_id, ar.user_id AS ar_user_id, ar.req_message AS ar_req_message, ar.assigned_admin_id AS ar_assigned_admin_id, uu.displayname AS ar_assigned_admin_name, ar.is_approved AS ar_is_approved, ar.requested_at AS ar_requested_at, ar.approved_at AS ar_approved_at FROM users u JOIN roles r ON u.role_id = r.id LEFT JOIN approval_requests ar ON u.id = ar.user_id LEFT JOIN users uu ON ar.assigned_admin_id = uu.id WHERE u.username = ?
2025-09-27 08:15:57.588[DEBUG] : ==>  Preparing: SELECT id, token, expires_at, blacklisted_at FROM blacklisted_tokens WHERE token = ? AND expires_at > NOW()
2025-09-27 08:15:57.588[DEBUG] : ==> Parameters: system(String)
2025-09-27 08:15:57.588[DEBUG] : ==> Parameters: system(String)
2025-09-27 08:15:57.588[DEBUG] : ==> Parameters: eyJhbGciOiJIUzI1NiJ9.eyJqdGkiOiIwMzZjMGRkYS05YTRmLTQxZDAtOTg3OS1hNmY3YzBjNjAyNzUiLCJzdWIiOiJzeXN0ZW0iLCJpYXQiOjE3NTg5Mjc5MzksImV4cCI6MTc1ODkzMTUzOX0.VpIBM8fYZlYgE6BYM7_kDfjqVriYaNbNKsGts-Uxsvs(String)
2025-09-27 08:15:57.588[DEBUG] : ==> Parameters: system(String)
2025-09-27 08:15:57.589[DEBUG] :  com.zaxxer.hikari.pool.ProxyPreparedStatement.execute(ProxyPreparedStatement.java:44)
4. SELECT
            u.id, u.username, u.password, u.displayname, u.profile_picture_path, u.email, u.role_id, u.active_session_jti, u.is_deleted, u.created_at, u.updated_at,
            r.rolename,
            ar.request_id AS ar_request_id, ar.user_id AS ar_user_id, ar.req_message AS ar_req_message, ar.assigned_admin_id AS ar_assigned_admin_id, uu.displayname AS ar_assigned_admin_name, ar.is_approved AS ar_is_approved,
            ar.requested_at AS ar_requested_at, ar.approved_at AS ar_approved_at
        FROM users u
        JOIN roles r ON u.role_id = r.id
        LEFT JOIN approval_requests ar ON u.id = ar.user_id
        LEFT JOIN users uu ON ar.assigned_admin_id = uu.id
        WHERE u.username = 'system'
 {executed in 1 msec}
2025-09-27 08:15:57.589[DEBUG] :  com.zaxxer.hikari.pool.ProxyPreparedStatement.execute(ProxyPreparedStatement.java:44)
5. SELECT
            u.id, u.username, u.password, u.displayname, u.profile_picture_path, u.email, u.role_id, u.active_session_jti, u.is_deleted, u.created_at, u.updated_at,
            r.rolename,
            ar.request_id AS ar_request_id, ar.user_id AS ar_user_id, ar.req_message AS ar_req_message, ar.assigned_admin_id AS ar_assigned_admin_id, uu.displayname AS ar_assigned_admin_name, ar.is_approved AS ar_is_approved,
            ar.requested_at AS ar_requested_at, ar.approved_at AS ar_approved_at
        FROM users u
        JOIN roles r ON u.role_id = r.id
        LEFT JOIN approval_requests ar ON u.id = ar.user_id
        LEFT JOIN users uu ON ar.assigned_admin_id = uu.id
        WHERE u.username = 'system'
 {executed in 1 msec}
2025-09-27 08:15:57.589[DEBUG] :  com.zaxxer.hikari.pool.ProxyPreparedStatement.execute(ProxyPreparedStatement.java:44)
6. SELECT id, token, expires_at, blacklisted_at
        FROM blacklisted_tokens
        WHERE token = 'eyJhbGciOiJIUzI1NiJ9.eyJqdGkiOiIwMzZjMGRkYS05YTRmLTQxZDAtOTg3OS1hNmY3YzBjNjAyNzUiLCJzdWIiOiJzeXN0ZW0iLCJpYXQiOjE3NTg5Mjc5MzksImV4cCI6MTc1ODkzMTUzOX0.VpIBM8fYZlYgE6BYM7_kDfjqVriYaNbNKsGts-Uxsvs' AND expires_at > NOW()
 {executed in 1 msec}
2025-09-27 08:15:57.589[DEBUG] :  com.zaxxer.hikari.pool.ProxyPreparedStatement.execute(ProxyPreparedStatement.java:44)
3. SELECT
            u.id, u.username, u.password, u.displayname, u.profile_picture_path, u.email, u.role_id, u.active_session_jti, u.is_deleted, u.created_at, u.updated_at,
            r.rolename,
            ar.request_id AS ar_request_id, ar.user_id AS ar_user_id, ar.req_message AS ar_req_message, ar.assigned_admin_id AS ar_assigned_admin_id, uu.displayname AS ar_assigned_admin_name, ar.is_approved AS ar_is_approved,
            ar.requested_at AS ar_requested_at, ar.approved_at AS ar_approved_at
        FROM users u
        JOIN roles r ON u.role_id = r.id
        LEFT JOIN approval_requests ar ON u.id = ar.user_id
        LEFT JOIN users uu ON ar.assigned_admin_id = uu.id
        WHERE u.username = 'system'
 {executed in 1 msec}
2025-09-27 08:15:57.590[DEBUG] : <==      Total: 0
2025-09-27 08:15:57.591[DEBUG] : <==      Total: 1
2025-09-27 08:15:57.592[DEBUG] : <==      Total: 1
2025-09-27 08:15:57.593[DEBUG] : ==>  Preparing: SELECT u.id, u.username, u.password, u.displayname, u.profile_picture_path, u.email, u.role_id, u.active_session_jti, u.is_deleted, u.created_at, u.updated_at, r.rolename, ar.request_id AS ar_request_id, ar.user_id AS ar_user_id, ar.req_message AS ar_req_message, ar.assigned_admin_id AS ar_assigned_admin_id, uu.displayname AS ar_assigned_admin_name, ar.is_approved AS ar_is_approved, ar.requested_at AS ar_requested_at, ar.approved_at AS ar_approved_at FROM users u JOIN roles r ON u.role_id = r.id LEFT JOIN approval_requests ar ON u.id = ar.user_id LEFT JOIN users uu ON ar.assigned_admin_id = uu.id WHERE u.username = ?
2025-09-27 08:15:57.594[DEBUG] : ==>  Preparing: SELECT u.id, u.username, u.password, u.displayname, u.profile_picture_path, u.email, u.role_id, u.active_session_jti, u.is_deleted, u.created_at, u.updated_at, r.rolename, ar.request_id AS ar_request_id, ar.user_id AS ar_user_id, ar.req_message AS ar_req_message, ar.assigned_admin_id AS ar_assigned_admin_id, uu.displayname AS ar_assigned_admin_name, ar.is_approved AS ar_is_approved, ar.requested_at AS ar_requested_at, ar.approved_at AS ar_approved_at FROM users u JOIN roles r ON u.role_id = r.id LEFT JOIN approval_requests ar ON u.id = ar.user_id LEFT JOIN users uu ON ar.assigned_admin_id = uu.id WHERE u.username = ?
2025-09-27 08:15:57.594[DEBUG] : <==      Total: 1
2025-09-27 08:15:57.594[DEBUG] : ==> Parameters: system(String)
2025-09-27 08:15:57.594[DEBUG] : ==> Parameters: system(String)
2025-09-27 08:15:57.593[DEBUG] : <==      Total: 1
2025-09-27 08:15:57.595[DEBUG] : ==>  Preparing: SELECT u.id, u.username, u.password, u.displayname, u.profile_picture_path, u.email, u.role_id, u.active_session_jti, u.is_deleted, u.created_at, u.updated_at, r.rolename, ar.request_id AS ar_request_id, ar.user_id AS ar_user_id, ar.req_message AS ar_req_message, ar.assigned_admin_id AS ar_assigned_admin_id, uu.displayname AS ar_assigned_admin_name, ar.is_approved AS ar_is_approved, ar.requested_at AS ar_requested_at, ar.approved_at AS ar_approved_at FROM users u JOIN roles r ON u.role_id = r.id LEFT JOIN approval_requests ar ON u.id = ar.user_id LEFT JOIN users uu ON ar.assigned_admin_id = uu.id WHERE u.username = ?
2025-09-27 08:15:57.595[DEBUG] : ==>  Preparing: SELECT u.id, u.username, u.password, u.displayname, u.profile_picture_path, u.email, u.role_id, u.active_session_jti, u.is_deleted, u.created_at, u.updated_at, r.rolename, ar.request_id AS ar_request_id, ar.user_id AS ar_user_id, ar.req_message AS ar_req_message, ar.assigned_admin_id AS ar_assigned_admin_id, uu.displayname AS ar_assigned_admin_name, ar.is_approved AS ar_is_approved, ar.requested_at AS ar_requested_at, ar.approved_at AS ar_approved_at FROM users u JOIN roles r ON u.role_id = r.id LEFT JOIN approval_requests ar ON u.id = ar.user_id LEFT JOIN users uu ON ar.assigned_admin_id = uu.id WHERE u.username = ?
2025-09-27 08:15:57.596[DEBUG] :  com.zaxxer.hikari.pool.ProxyPreparedStatement.execute(ProxyPreparedStatement.java:44)
4. SELECT
            u.id, u.username, u.password, u.displayname, u.profile_picture_path, u.email, u.role_id, u.active_session_jti, u.is_deleted, u.created_at, u.updated_at,
            r.rolename,
            ar.request_id AS ar_request_id, ar.user_id AS ar_user_id, ar.req_message AS ar_req_message, ar.assigned_admin_id AS ar_assigned_admin_id, uu.displayname AS ar_assigned_admin_name, ar.is_approved AS ar_is_approved,
            ar.requested_at AS ar_requested_at, ar.approved_at AS ar_approved_at
        FROM users u
        JOIN roles r ON u.role_id = r.id
        LEFT JOIN approval_requests ar ON u.id = ar.user_id
        LEFT JOIN users uu ON ar.assigned_admin_id = uu.id
        WHERE u.username = 'system'
 {executed in 1 msec}
2025-09-27 08:15:57.596[DEBUG] :  com.zaxxer.hikari.pool.ProxyPreparedStatement.execute(ProxyPreparedStatement.java:44)
1. SELECT
            u.id, u.username, u.password, u.displayname, u.profile_picture_path, u.email, u.role_id, u.active_session_jti, u.is_deleted, u.created_at, u.updated_at,
            r.rolename,
            ar.request_id AS ar_request_id, ar.user_id AS ar_user_id, ar.req_message AS ar_req_message, ar.assigned_admin_id AS ar_assigned_admin_id, uu.displayname AS ar_assigned_admin_name, ar.is_approved AS ar_is_approved,
            ar.requested_at AS ar_requested_at, ar.approved_at AS ar_approved_at
        FROM users u
        JOIN roles r ON u.role_id = r.id
        LEFT JOIN approval_requests ar ON u.id = ar.user_id
        LEFT JOIN users uu ON ar.assigned_admin_id = uu.id
        WHERE u.username = 'system'
 {executed in 1 msec}
2025-09-27 08:15:57.596[DEBUG] : ==> Parameters: system(String)
2025-09-27 08:15:57.596[DEBUG] : ==>  Preparing: SELECT u.id, u.username, u.password, u.displayname, u.profile_picture_path, u.email, u.role_id, u.active_session_jti, u.is_deleted, u.created_at, u.updated_at, r.rolename, ar.request_id AS ar_request_id, ar.user_id AS ar_user_id, ar.req_message AS ar_req_message, ar.assigned_admin_id AS ar_assigned_admin_id, uu.displayname AS ar_assigned_admin_name, ar.is_approved AS ar_is_approved, ar.requested_at AS ar_requested_at, ar.approved_at AS ar_approved_at FROM users u JOIN roles r ON u.role_id = r.id LEFT JOIN approval_requests ar ON u.id = ar.user_id LEFT JOIN users uu ON ar.assigned_admin_id = uu.id WHERE u.username = ?
2025-09-27 08:15:57.598[DEBUG] : ==> Parameters: system(String)
2025-09-27 08:15:57.598[DEBUG] : ==> Parameters: system(String)
2025-09-27 08:15:57.598[DEBUG] :  com.zaxxer.hikari.pool.ProxyPreparedStatement.execute(ProxyPreparedStatement.java:44)
3. SELECT
            u.id, u.username, u.password, u.displayname, u.profile_picture_path, u.email, u.role_id, u.active_session_jti, u.is_deleted, u.created_at, u.updated_at,
            r.rolename,
            ar.request_id AS ar_request_id, ar.user_id AS ar_user_id, ar.req_message AS ar_req_message, ar.assigned_admin_id AS ar_assigned_admin_id, uu.displayname AS ar_assigned_admin_name, ar.is_approved AS ar_is_approved,
            ar.requested_at AS ar_requested_at, ar.approved_at AS ar_approved_at
        FROM users u
        JOIN roles r ON u.role_id = r.id
        LEFT JOIN approval_requests ar ON u.id = ar.user_id
        LEFT JOIN users uu ON ar.assigned_admin_id = uu.id
        WHERE u.username = 'system'
 {executed in 0 msec}
2025-09-27 08:15:57.599[DEBUG] : <==      Total: 1
2025-09-27 08:15:57.600[DEBUG] : <==      Total: 1
2025-09-27 08:15:57.600[DEBUG] :  com.zaxxer.hikari.pool.ProxyPreparedStatement.execute(ProxyPreparedStatement.java:44)
2. SELECT
            u.id, u.username, u.password, u.displayname, u.profile_picture_path, u.email, u.role_id, u.active_session_jti, u.is_deleted, u.created_at, u.updated_at,
            r.rolename,
            ar.request_id AS ar_request_id, ar.user_id AS ar_user_id, ar.req_message AS ar_req_message, ar.assigned_admin_id AS ar_assigned_admin_id, uu.displayname AS ar_assigned_admin_name, ar.is_approved AS ar_is_approved,
            ar.requested_at AS ar_requested_at, ar.approved_at AS ar_approved_at
        FROM users u
        JOIN roles r ON u.role_id = r.id
        LEFT JOIN approval_requests ar ON u.id = ar.user_id
        LEFT JOIN users uu ON ar.assigned_admin_id = uu.id
        WHERE u.username = 'system'
 {executed in 2 msec}
2025-09-27 08:15:57.600[DEBUG] :  com.zaxxer.hikari.pool.ProxyPreparedStatement.execute(ProxyPreparedStatement.java:44)
5. SELECT
            u.id, u.username, u.password, u.displayname, u.profile_picture_path, u.email, u.role_id, u.active_session_jti, u.is_deleted, u.created_at, u.updated_at,
            r.rolename,
            ar.request_id AS ar_request_id, ar.user_id AS ar_user_id, ar.req_message AS ar_req_message, ar.assigned_admin_id AS ar_assigned_admin_id, uu.displayname AS ar_assigned_admin_name, ar.is_approved AS ar_is_approved,
            ar.requested_at AS ar_requested_at, ar.approved_at AS ar_approved_at
        FROM users u
        JOIN roles r ON u.role_id = r.id
        LEFT JOIN approval_requests ar ON u.id = ar.user_id
        LEFT JOIN users uu ON ar.assigned_admin_id = uu.id
        WHERE u.username = 'system'
 {executed in 1 msec}
2025-09-27 08:15:57.603[DEBUG] : <==      Total: 1
2025-09-27 08:15:57.603[DEBUG] : <==      Total: 1
2025-09-27 08:15:57.604[DEBUG] : <==      Total: 1
2025-09-27 08:15:57.606[DEBUG] : ==>  Preparing: SELECT u.id, u.username, u.password, u.displayname, u.profile_picture_path, u.email, u.role_id, u.active_session_jti, u.is_deleted, u.created_at, u.updated_at, r.rolename, ar.request_id AS ar_request_id, ar.user_id AS ar_user_id, ar.req_message AS ar_req_message, ar.assigned_admin_id AS ar_assigned_admin_id, uu.displayname AS ar_assigned_admin_name, ar.is_approved AS ar_is_approved, ar.requested_at AS ar_requested_at, ar.approved_at AS ar_approved_at FROM users u JOIN roles r ON u.role_id = r.id LEFT JOIN approval_requests ar ON u.id = ar.user_id LEFT JOIN users uu ON ar.assigned_admin_id = uu.id WHERE u.username = ?
2025-09-27 08:15:57.606[DEBUG] : ==> Parameters: system(String)
2025-09-27 08:15:57.608[DEBUG] :  com.zaxxer.hikari.pool.ProxyPreparedStatement.execute(ProxyPreparedStatement.java:44)
2. SELECT
            u.id, u.username, u.password, u.displayname, u.profile_picture_path, u.email, u.role_id, u.active_session_jti, u.is_deleted, u.created_at, u.updated_at,
            r.rolename,
            ar.request_id AS ar_request_id, ar.user_id AS ar_user_id, ar.req_message AS ar_req_message, ar.assigned_admin_id AS ar_assigned_admin_id, uu.displayname AS ar_assigned_admin_name, ar.is_approved AS ar_is_approved,
            ar.requested_at AS ar_requested_at, ar.approved_at AS ar_approved_at
        FROM users u
        JOIN roles r ON u.role_id = r.id
        LEFT JOIN approval_requests ar ON u.id = ar.user_id
        LEFT JOIN users uu ON ar.assigned_admin_id = uu.id
        WHERE u.username = 'system'
 {executed in 1 msec}
2025-09-27 08:15:57.610[DEBUG] : ==>  Preparing: SELECT u.id, u.username, u.password, u.displayname, u.profile_picture_path, u.email, u.role_id, u.active_session_jti, u.is_deleted, u.created_at, u.updated_at, r.rolename, ar.request_id AS ar_request_id, ar.user_id AS ar_user_id, ar.req_message AS ar_req_message, ar.assigned_admin_id AS ar_assigned_admin_id, uu.displayname AS ar_assigned_admin_name, ar.is_approved AS ar_is_approved, ar.requested_at AS ar_requested_at, ar.approved_at AS ar_approved_at FROM users u JOIN roles r ON u.role_id = r.id LEFT JOIN approval_requests ar ON u.id = ar.user_id LEFT JOIN users uu ON ar.assigned_admin_id = uu.id WHERE u.username = ?
2025-09-27 08:15:57.611[DEBUG] : <==      Total: 1
2025-09-27 08:15:57.612[DEBUG] : ==> Parameters: system(String)
2025-09-27 08:15:57.613[DEBUG] :  com.zaxxer.hikari.pool.ProxyPreparedStatement.execute(ProxyPreparedStatement.java:44)
6. SELECT
            u.id, u.username, u.password, u.displayname, u.profile_picture_path, u.email, u.role_id, u.active_session_jti, u.is_deleted, u.created_at, u.updated_at,
            r.rolename,
            ar.request_id AS ar_request_id, ar.user_id AS ar_user_id, ar.req_message AS ar_req_message, ar.assigned_admin_id AS ar_assigned_admin_id, uu.displayname AS ar_assigned_admin_name, ar.is_approved AS ar_is_approved,
            ar.requested_at AS ar_requested_at, ar.approved_at AS ar_approved_at
        FROM users u
        JOIN roles r ON u.role_id = r.id
        LEFT JOIN approval_requests ar ON u.id = ar.user_id
        LEFT JOIN users uu ON ar.assigned_admin_id = uu.id
        WHERE u.username = 'system'
 {executed in 1 msec}
2025-09-27 08:15:57.616[DEBUG] : <==      Total: 1
2025-09-27 08:15:57.618[DEBUG] : ==>  Preparing: SELECT u.id, u.username, u.password, u.displayname, u.profile_picture_path, u.email, u.role_id, u.active_session_jti, u.is_deleted, u.created_at, u.updated_at, r.rolename, ar.request_id AS ar_request_id, ar.user_id AS ar_user_id, ar.req_message AS ar_req_message, ar.assigned_admin_id AS ar_assigned_admin_id, uu.displayname AS ar_assigned_admin_name, ar.is_approved AS ar_is_approved, ar.requested_at AS ar_requested_at, ar.approved_at AS ar_approved_at FROM users u JOIN roles r ON u.role_id = r.id LEFT JOIN approval_requests ar ON u.id = ar.user_id LEFT JOIN users uu ON ar.assigned_admin_id = uu.id WHERE u.username = ?
2025-09-27 08:15:57.618[DEBUG] : ==> Parameters: system(String)
2025-09-27 08:15:57.619[DEBUG] :  com.zaxxer.hikari.pool.ProxyPreparedStatement.execute(ProxyPreparedStatement.java:44)
6. SELECT
            u.id, u.username, u.password, u.displayname, u.profile_picture_path, u.email, u.role_id, u.active_session_jti, u.is_deleted, u.created_at, u.updated_at,
            r.rolename,
            ar.request_id AS ar_request_id, ar.user_id AS ar_user_id, ar.req_message AS ar_req_message, ar.assigned_admin_id AS ar_assigned_admin_id, uu.displayname AS ar_assigned_admin_name, ar.is_approved AS ar_is_approved,
            ar.requested_at AS ar_requested_at, ar.approved_at AS ar_approved_at
        FROM users u
        JOIN roles r ON u.role_id = r.id
        LEFT JOIN approval_requests ar ON u.id = ar.user_id
        LEFT JOIN users uu ON ar.assigned_admin_id = uu.id
        WHERE u.username = 'system'
 {executed in 1 msec}
2025-09-27 08:15:57.623[DEBUG] : <==      Total: 1
2025-09-27 08:15:57.634[DEBUG] : ==>  Preparing: SELECT id, token, expires_at, blacklisted_at FROM blacklisted_tokens WHERE token = ? AND expires_at > NOW()
2025-09-27 08:15:57.634[DEBUG] : ==>  Preparing: SELECT id, token, expires_at, blacklisted_at FROM blacklisted_tokens WHERE token = ? AND expires_at > NOW()
2025-09-27 08:15:57.634[DEBUG] : ==> Parameters: eyJhbGciOiJIUzI1NiJ9.eyJqdGkiOiIwMzZjMGRkYS05YTRmLTQxZDAtOTg3OS1hNmY3YzBjNjAyNzUiLCJzdWIiOiJzeXN0ZW0iLCJpYXQiOjE3NTg5Mjc5MzksImV4cCI6MTc1ODkzMTUzOX0.VpIBM8fYZlYgE6BYM7_kDfjqVriYaNbNKsGts-Uxsvs(String)
2025-09-27 08:15:57.635[DEBUG] : ==> Parameters: eyJhbGciOiJIUzI1NiJ9.eyJqdGkiOiIwMzZjMGRkYS05YTRmLTQxZDAtOTg3OS1hNmY3YzBjNjAyNzUiLCJzdWIiOiJzeXN0ZW0iLCJpYXQiOjE3NTg5Mjc5MzksImV4cCI6MTc1ODkzMTUzOX0.VpIBM8fYZlYgE6BYM7_kDfjqVriYaNbNKsGts-Uxsvs(String)
2025-09-27 08:15:57.635[DEBUG] : ==>  Preparing: SELECT id, token, expires_at, blacklisted_at FROM blacklisted_tokens WHERE token = ? AND expires_at > NOW()
2025-09-27 08:15:57.635[DEBUG] : ==> Parameters: eyJhbGciOiJIUzI1NiJ9.eyJqdGkiOiIwMzZjMGRkYS05YTRmLTQxZDAtOTg3OS1hNmY3YzBjNjAyNzUiLCJzdWIiOiJzeXN0ZW0iLCJpYXQiOjE3NTg5Mjc5MzksImV4cCI6MTc1ODkzMTUzOX0.VpIBM8fYZlYgE6BYM7_kDfjqVriYaNbNKsGts-Uxsvs(String)
2025-09-27 08:15:57.636[DEBUG] :  com.zaxxer.hikari.pool.ProxyPreparedStatement.execute(ProxyPreparedStatement.java:44)
1. SELECT id, token, expires_at, blacklisted_at
        FROM blacklisted_tokens
        WHERE token = 'eyJhbGciOiJIUzI1NiJ9.eyJqdGkiOiIwMzZjMGRkYS05YTRmLTQxZDAtOTg3OS1hNmY3YzBjNjAyNzUiLCJzdWIiOiJzeXN0ZW0iLCJpYXQiOjE3NTg5Mjc5MzksImV4cCI6MTc1ODkzMTUzOX0.VpIBM8fYZlYgE6BYM7_kDfjqVriYaNbNKsGts-Uxsvs' AND expires_at > NOW()
 {executed in 1 msec}
2025-09-27 08:15:57.636[DEBUG] :  com.zaxxer.hikari.pool.ProxyPreparedStatement.execute(ProxyPreparedStatement.java:44)
3. SELECT id, token, expires_at, blacklisted_at
        FROM blacklisted_tokens
        WHERE token = 'eyJhbGciOiJIUzI1NiJ9.eyJqdGkiOiIwMzZjMGRkYS05YTRmLTQxZDAtOTg3OS1hNmY3YzBjNjAyNzUiLCJzdWIiOiJzeXN0ZW0iLCJpYXQiOjE3NTg5Mjc5MzksImV4cCI6MTc1ODkzMTUzOX0.VpIBM8fYZlYgE6BYM7_kDfjqVriYaNbNKsGts-Uxsvs' AND expires_at > NOW()
 {executed in 1 msec}
2025-09-27 08:15:57.636[DEBUG] :  com.zaxxer.hikari.pool.ProxyPreparedStatement.execute(ProxyPreparedStatement.java:44)
2. SELECT id, token, expires_at, blacklisted_at
        FROM blacklisted_tokens
        WHERE token = 'eyJhbGciOiJIUzI1NiJ9.eyJqdGkiOiIwMzZjMGRkYS05YTRmLTQxZDAtOTg3OS1hNmY3YzBjNjAyNzUiLCJzdWIiOiJzeXN0ZW0iLCJpYXQiOjE3NTg5Mjc5MzksImV4cCI6MTc1ODkzMTUzOX0.VpIBM8fYZlYgE6BYM7_kDfjqVriYaNbNKsGts-Uxsvs' AND expires_at > NOW()
 {executed in 1 msec}
2025-09-27 08:15:57.638[DEBUG] : <==      Total: 0
2025-09-27 08:15:57.638[DEBUG] : <==      Total: 0
2025-09-27 08:15:57.638[DEBUG] : <==      Total: 0
2025-09-27 08:15:57.642[DEBUG] : ==>  Preparing: SELECT id, token, expires_at, blacklisted_at FROM blacklisted_tokens WHERE token = ? AND expires_at > NOW()
2025-09-27 08:15:57.643[DEBUG] : ==> Parameters: eyJhbGciOiJIUzI1NiJ9.eyJqdGkiOiIwMzZjMGRkYS05YTRmLTQxZDAtOTg3OS1hNmY3YzBjNjAyNzUiLCJzdWIiOiJzeXN0ZW0iLCJpYXQiOjE3NTg5Mjc5MzksImV4cCI6MTc1ODkzMTUzOX0.VpIBM8fYZlYgE6BYM7_kDfjqVriYaNbNKsGts-Uxsvs(String)
2025-09-27 08:15:57.645[DEBUG] : ==>  Preparing: SELECT u.id, u.username, u.password, u.displayname, u.profile_picture_path, u.email, u.role_id, u.active_session_jti, u.is_deleted, u.created_at, u.updated_at, r.rolename, ar.request_id AS ar_request_id, ar.user_id AS ar_user_id, ar.req_message AS ar_req_message, ar.assigned_admin_id AS ar_assigned_admin_id, uu.displayname AS ar_assigned_admin_name, ar.is_approved AS ar_is_approved, ar.requested_at AS ar_requested_at, ar.approved_at AS ar_approved_at FROM users u JOIN roles r ON u.role_id = r.id LEFT JOIN approval_requests ar ON u.id = ar.user_id LEFT JOIN users uu ON ar.assigned_admin_id = uu.id WHERE u.username = ?
2025-09-27 08:15:57.645[DEBUG] : ==>  Preparing: SELECT u.id, u.username, u.password, u.displayname, u.profile_picture_path, u.email, u.role_id, u.active_session_jti, u.is_deleted, u.created_at, u.updated_at, r.rolename, ar.request_id AS ar_request_id, ar.user_id AS ar_user_id, ar.req_message AS ar_req_message, ar.assigned_admin_id AS ar_assigned_admin_id, uu.displayname AS ar_assigned_admin_name, ar.is_approved AS ar_is_approved, ar.requested_at AS ar_requested_at, ar.approved_at AS ar_approved_at FROM users u JOIN roles r ON u.role_id = r.id LEFT JOIN approval_requests ar ON u.id = ar.user_id LEFT JOIN users uu ON ar.assigned_admin_id = uu.id WHERE u.username = ?
2025-09-27 08:15:57.645[DEBUG] : ==>  Preparing: SELECT u.id, u.username, u.password, u.displayname, u.profile_picture_path, u.email, u.role_id, u.active_session_jti, u.is_deleted, u.created_at, u.updated_at, r.rolename, ar.request_id AS ar_request_id, ar.user_id AS ar_user_id, ar.req_message AS ar_req_message, ar.assigned_admin_id AS ar_assigned_admin_id, uu.displayname AS ar_assigned_admin_name, ar.is_approved AS ar_is_approved, ar.requested_at AS ar_requested_at, ar.approved_at AS ar_approved_at FROM users u JOIN roles r ON u.role_id = r.id LEFT JOIN approval_requests ar ON u.id = ar.user_id LEFT JOIN users uu ON ar.assigned_admin_id = uu.id WHERE u.username = ?
2025-09-27 08:15:57.645[DEBUG] : ==> Parameters: system(String)
2025-09-27 08:15:57.645[DEBUG] : ==> Parameters: system(String)
2025-09-27 08:15:57.646[DEBUG] : ==> Parameters: system(String)
2025-09-27 08:15:57.647[DEBUG] :  com.zaxxer.hikari.pool.ProxyPreparedStatement.execute(ProxyPreparedStatement.java:44)
3. SELECT
            u.id, u.username, u.password, u.displayname, u.profile_picture_path, u.email, u.role_id, u.active_session_jti, u.is_deleted, u.created_at, u.updated_at,
            r.rolename,
            ar.request_id AS ar_request_id, ar.user_id AS ar_user_id, ar.req_message AS ar_req_message, ar.assigned_admin_id AS ar_assigned_admin_id, uu.displayname AS ar_assigned_admin_name, ar.is_approved AS ar_is_approved,
            ar.requested_at AS ar_requested_at, ar.approved_at AS ar_approved_at
        FROM users u
        JOIN roles r ON u.role_id = r.id
        LEFT JOIN approval_requests ar ON u.id = ar.user_id
        LEFT JOIN users uu ON ar.assigned_admin_id = uu.id
        WHERE u.username = 'system'
 {executed in 0 msec}
2025-09-27 08:15:57.647[DEBUG] :  com.zaxxer.hikari.pool.ProxyPreparedStatement.execute(ProxyPreparedStatement.java:44)
1. SELECT id, token, expires_at, blacklisted_at
        FROM blacklisted_tokens
        WHERE token = 'eyJhbGciOiJIUzI1NiJ9.eyJqdGkiOiIwMzZjMGRkYS05YTRmLTQxZDAtOTg3OS1hNmY3YzBjNjAyNzUiLCJzdWIiOiJzeXN0ZW0iLCJpYXQiOjE3NTg5Mjc5MzksImV4cCI6MTc1ODkzMTUzOX0.VpIBM8fYZlYgE6BYM7_kDfjqVriYaNbNKsGts-Uxsvs' AND expires_at > NOW()
 {executed in 1 msec}
2025-09-27 08:15:57.647[DEBUG] :  com.zaxxer.hikari.pool.ProxyPreparedStatement.execute(ProxyPreparedStatement.java:44)
4. SELECT
            u.id, u.username, u.password, u.displayname, u.profile_picture_path, u.email, u.role_id, u.active_session_jti, u.is_deleted, u.created_at, u.updated_at,
            r.rolename,
            ar.request_id AS ar_request_id, ar.user_id AS ar_user_id, ar.req_message AS ar_req_message, ar.assigned_admin_id AS ar_assigned_admin_id, uu.displayname AS ar_assigned_admin_name, ar.is_approved AS ar_is_approved,
            ar.requested_at AS ar_requested_at, ar.approved_at AS ar_approved_at
        FROM users u
        JOIN roles r ON u.role_id = r.id
        LEFT JOIN approval_requests ar ON u.id = ar.user_id
        LEFT JOIN users uu ON ar.assigned_admin_id = uu.id
        WHERE u.username = 'system'
 {executed in 1 msec}
2025-09-27 08:15:57.647[DEBUG] :  com.zaxxer.hikari.pool.ProxyPreparedStatement.execute(ProxyPreparedStatement.java:44)
2. SELECT
            u.id, u.username, u.password, u.displayname, u.profile_picture_path, u.email, u.role_id, u.active_session_jti, u.is_deleted, u.created_at, u.updated_at,
            r.rolename,
            ar.request_id AS ar_request_id, ar.user_id AS ar_user_id, ar.req_message AS ar_req_message, ar.assigned_admin_id AS ar_assigned_admin_id, uu.displayname AS ar_assigned_admin_name, ar.is_approved AS ar_is_approved,
            ar.requested_at AS ar_requested_at, ar.approved_at AS ar_approved_at
        FROM users u
        JOIN roles r ON u.role_id = r.id
        LEFT JOIN approval_requests ar ON u.id = ar.user_id
        LEFT JOIN users uu ON ar.assigned_admin_id = uu.id
        WHERE u.username = 'system'
 {executed in 1 msec}
2025-09-27 08:15:57.647[DEBUG] : <==      Total: 0
2025-09-27 08:15:57.649[DEBUG] : <==      Total: 1
2025-09-27 08:15:57.651[DEBUG] : ==>  Preparing: SELECT u.id, u.username, u.password, u.displayname, u.profile_picture_path, u.email, u.role_id, u.active_session_jti, u.is_deleted, u.created_at, u.updated_at, r.rolename, ar.request_id AS ar_request_id, ar.user_id AS ar_user_id, ar.req_message AS ar_req_message, ar.assigned_admin_id AS ar_assigned_admin_id, uu.displayname AS ar_assigned_admin_name, ar.is_approved AS ar_is_approved, ar.requested_at AS ar_requested_at, ar.approved_at AS ar_approved_at FROM users u JOIN roles r ON u.role_id = r.id LEFT JOIN approval_requests ar ON u.id = ar.user_id LEFT JOIN users uu ON ar.assigned_admin_id = uu.id WHERE u.username = ?
2025-09-27 08:15:57.651[DEBUG] : ==> Parameters: system(String)
2025-09-27 08:15:57.654[DEBUG] : <==      Total: 1
2025-09-27 08:15:57.654[DEBUG] :  com.zaxxer.hikari.pool.ProxyPreparedStatement.execute(ProxyPreparedStatement.java:44)
3. SELECT
            u.id, u.username, u.password, u.displayname, u.profile_picture_path, u.email, u.role_id, u.active_session_jti, u.is_deleted, u.created_at, u.updated_at,
            r.rolename,
            ar.request_id AS ar_request_id, ar.user_id AS ar_user_id, ar.req_message AS ar_req_message, ar.assigned_admin_id AS ar_assigned_admin_id, uu.displayname AS ar_assigned_admin_name, ar.is_approved AS ar_is_approved,
            ar.requested_at AS ar_requested_at, ar.approved_at AS ar_approved_at
        FROM users u
        JOIN roles r ON u.role_id = r.id
        LEFT JOIN approval_requests ar ON u.id = ar.user_id
        LEFT JOIN users uu ON ar.assigned_admin_id = uu.id
        WHERE u.username = 'system'
 {executed in 2 msec}
2025-09-27 08:15:57.654[DEBUG] : <==      Total: 1
2025-09-27 08:15:57.655[DEBUG] : ==>  Preparing: SELECT u.id, u.username, u.password, u.displayname, u.profile_picture_path, u.email, u.role_id, u.active_session_jti, u.is_deleted, u.created_at, u.updated_at, r.rolename, ar.request_id AS ar_request_id, ar.user_id AS ar_user_id, ar.req_message AS ar_req_message, ar.assigned_admin_id AS ar_assigned_admin_id, uu.displayname AS ar_assigned_admin_name, ar.is_approved AS ar_is_approved, ar.requested_at AS ar_requested_at, ar.approved_at AS ar_approved_at FROM users u JOIN roles r ON u.role_id = r.id LEFT JOIN approval_requests ar ON u.id = ar.user_id LEFT JOIN users uu ON ar.assigned_admin_id = uu.id WHERE u.username = ?
2025-09-27 08:15:57.655[DEBUG] : ==>  Preparing: SELECT u.id, u.username, u.password, u.displayname, u.profile_picture_path, u.email, u.role_id, u.active_session_jti, u.is_deleted, u.created_at, u.updated_at, r.rolename, ar.request_id AS ar_request_id, ar.user_id AS ar_user_id, ar.req_message AS ar_req_message, ar.assigned_admin_id AS ar_assigned_admin_id, uu.displayname AS ar_assigned_admin_name, ar.is_approved AS ar_is_approved, ar.requested_at AS ar_requested_at, ar.approved_at AS ar_approved_at FROM users u JOIN roles r ON u.role_id = r.id LEFT JOIN approval_requests ar ON u.id = ar.user_id LEFT JOIN users uu ON ar.assigned_admin_id = uu.id WHERE u.username = ?
2025-09-27 08:15:57.655[DEBUG] : ==> Parameters: system(String)
2025-09-27 08:15:57.656[DEBUG] : ==> Parameters: system(String)
2025-09-27 08:15:57.657[DEBUG] :  com.zaxxer.hikari.pool.ProxyPreparedStatement.execute(ProxyPreparedStatement.java:44)
2. SELECT
            u.id, u.username, u.password, u.displayname, u.profile_picture_path, u.email, u.role_id, u.active_session_jti, u.is_deleted, u.created_at, u.updated_at,
            r.rolename,
            ar.request_id AS ar_request_id, ar.user_id AS ar_user_id, ar.req_message AS ar_req_message, ar.assigned_admin_id AS ar_assigned_admin_id, uu.displayname AS ar_assigned_admin_name, ar.is_approved AS ar_is_approved,
            ar.requested_at AS ar_requested_at, ar.approved_at AS ar_approved_at
        FROM users u
        JOIN roles r ON u.role_id = r.id
        LEFT JOIN approval_requests ar ON u.id = ar.user_id
        LEFT JOIN users uu ON ar.assigned_admin_id = uu.id
        WHERE u.username = 'system'
 {executed in 1 msec}
2025-09-27 08:15:57.657[DEBUG] : <==      Total: 1
2025-09-27 08:15:57.658[DEBUG] :  com.zaxxer.hikari.pool.ProxyPreparedStatement.execute(ProxyPreparedStatement.java:44)
4. SELECT
            u.id, u.username, u.password, u.displayname, u.profile_picture_path, u.email, u.role_id, u.active_session_jti, u.is_deleted, u.created_at, u.updated_at,
            r.rolename,
            ar.request_id AS ar_request_id, ar.user_id AS ar_user_id, ar.req_message AS ar_req_message, ar.assigned_admin_id AS ar_assigned_admin_id, uu.displayname AS ar_assigned_admin_name, ar.is_approved AS ar_is_approved,
            ar.requested_at AS ar_requested_at, ar.approved_at AS ar_approved_at
        FROM users u
        JOIN roles r ON u.role_id = r.id
        LEFT JOIN approval_requests ar ON u.id = ar.user_id
        LEFT JOIN users uu ON ar.assigned_admin_id = uu.id
        WHERE u.username = 'system'
 {executed in 2 msec}
2025-09-27 08:15:57.659[DEBUG] : <==      Total: 1
2025-09-27 08:15:57.661[DEBUG] : <==      Total: 1
2025-09-27 08:15:57.662[DEBUG] : ==>  Preparing: SELECT u.id, u.username, u.password, u.displayname, u.profile_picture_path, u.email, u.role_id, u.active_session_jti, u.is_deleted, u.created_at, u.updated_at, r.rolename, ar.request_id AS ar_request_id, ar.user_id AS ar_user_id, ar.req_message AS ar_req_message, ar.assigned_admin_id AS ar_assigned_admin_id, uu.displayname AS ar_assigned_admin_name, ar.is_approved AS ar_is_approved, ar.requested_at AS ar_requested_at, ar.approved_at AS ar_approved_at FROM users u JOIN roles r ON u.role_id = r.id LEFT JOIN approval_requests ar ON u.id = ar.user_id LEFT JOIN users uu ON ar.assigned_admin_id = uu.id WHERE u.username = ?
2025-09-27 08:15:57.663[DEBUG] : ==> Parameters: system(String)
2025-09-27 08:15:57.664[DEBUG] :  com.zaxxer.hikari.pool.ProxyPreparedStatement.execute(ProxyPreparedStatement.java:44)
1. SELECT
            u.id, u.username, u.password, u.displayname, u.profile_picture_path, u.email, u.role_id, u.active_session_jti, u.is_deleted, u.created_at, u.updated_at,
            r.rolename,
            ar.request_id AS ar_request_id, ar.user_id AS ar_user_id, ar.req_message AS ar_req_message, ar.assigned_admin_id AS ar_assigned_admin_id, uu.displayname AS ar_assigned_admin_name, ar.is_approved AS ar_is_approved,
            ar.requested_at AS ar_requested_at, ar.approved_at AS ar_approved_at
        FROM users u
        JOIN roles r ON u.role_id = r.id
        LEFT JOIN approval_requests ar ON u.id = ar.user_id
        LEFT JOIN users uu ON ar.assigned_admin_id = uu.id
        WHERE u.username = 'system'
 {executed in 1 msec}
2025-09-27 08:15:57.666[DEBUG] : <==      Total: 1
2025-09-27 08:15:57.668[DEBUG] : ==>  Preparing: SELECT u.id, u.username, u.password, u.displayname, u.profile_picture_path, u.email, u.role_id, u.active_session_jti, u.is_deleted, u.created_at, u.updated_at, r.rolename, ar.request_id AS ar_request_id, ar.user_id AS ar_user_id, ar.req_message AS ar_req_message, ar.assigned_admin_id AS ar_assigned_admin_id, uu.displayname AS ar_assigned_admin_name, ar.is_approved AS ar_is_approved, ar.requested_at AS ar_requested_at, ar.approved_at AS ar_approved_at FROM users u JOIN roles r ON u.role_id = r.id LEFT JOIN approval_requests ar ON u.id = ar.user_id LEFT JOIN users uu ON ar.assigned_admin_id = uu.id WHERE u.username = ?
2025-09-27 08:15:57.668[DEBUG] : ==> Parameters: system(String)
2025-09-27 08:15:57.670[DEBUG] :  com.zaxxer.hikari.pool.ProxyPreparedStatement.execute(ProxyPreparedStatement.java:44)
1. SELECT
            u.id, u.username, u.password, u.displayname, u.profile_picture_path, u.email, u.role_id, u.active_session_jti, u.is_deleted, u.created_at, u.updated_at,
            r.rolename,
            ar.request_id AS ar_request_id, ar.user_id AS ar_user_id, ar.req_message AS ar_req_message, ar.assigned_admin_id AS ar_assigned_admin_id, uu.displayname AS ar_assigned_admin_name, ar.is_approved AS ar_is_approved,
            ar.requested_at AS ar_requested_at, ar.approved_at AS ar_approved_at
        FROM users u
        JOIN roles r ON u.role_id = r.id
        LEFT JOIN approval_requests ar ON u.id = ar.user_id
        LEFT JOIN users uu ON ar.assigned_admin_id = uu.id
        WHERE u.username = 'system'
 {executed in 1 msec}
2025-09-27 08:15:57.672[DEBUG] : <==      Total: 1
2025-09-27 08:15:57.690[DEBUG] : ==>  Preparing: SELECT id, token, expires_at, blacklisted_at FROM blacklisted_tokens WHERE token = ? AND expires_at > NOW()
2025-09-27 08:15:57.690[DEBUG] : ==> Parameters: eyJhbGciOiJIUzI1NiJ9.eyJqdGkiOiIwMzZjMGRkYS05YTRmLTQxZDAtOTg3OS1hNmY3YzBjNjAyNzUiLCJzdWIiOiJzeXN0ZW0iLCJpYXQiOjE3NTg5Mjc5MzksImV4cCI6MTc1ODkzMTUzOX0.VpIBM8fYZlYgE6BYM7_kDfjqVriYaNbNKsGts-Uxsvs(String)
2025-09-27 08:15:57.691[DEBUG] :  com.zaxxer.hikari.pool.ProxyPreparedStatement.execute(ProxyPreparedStatement.java:44)
4. SELECT id, token, expires_at, blacklisted_at
        FROM blacklisted_tokens
        WHERE token = 'eyJhbGciOiJIUzI1NiJ9.eyJqdGkiOiIwMzZjMGRkYS05YTRmLTQxZDAtOTg3OS1hNmY3YzBjNjAyNzUiLCJzdWIiOiJzeXN0ZW0iLCJpYXQiOjE3NTg5Mjc5MzksImV4cCI6MTc1ODkzMTUzOX0.VpIBM8fYZlYgE6BYM7_kDfjqVriYaNbNKsGts-Uxsvs' AND expires_at > NOW()
 {executed in 1 msec}
2025-09-27 08:15:57.692[DEBUG] : <==      Total: 0
2025-09-27 08:15:57.694[DEBUG] : ==>  Preparing: SELECT id, token, expires_at, blacklisted_at FROM blacklisted_tokens WHERE token = ? AND expires_at > NOW()
2025-09-27 08:15:57.695[DEBUG] : ==> Parameters: eyJhbGciOiJIUzI1NiJ9.eyJqdGkiOiIwMzZjMGRkYS05YTRmLTQxZDAtOTg3OS1hNmY3YzBjNjAyNzUiLCJzdWIiOiJzeXN0ZW0iLCJpYXQiOjE3NTg5Mjc5MzksImV4cCI6MTc1ODkzMTUzOX0.VpIBM8fYZlYgE6BYM7_kDfjqVriYaNbNKsGts-Uxsvs(String)
2025-09-27 08:15:57.696[DEBUG] :  com.zaxxer.hikari.pool.ProxyPreparedStatement.execute(ProxyPreparedStatement.java:44)
3. SELECT id, token, expires_at, blacklisted_at
        FROM blacklisted_tokens
        WHERE token = 'eyJhbGciOiJIUzI1NiJ9.eyJqdGkiOiIwMzZjMGRkYS05YTRmLTQxZDAtOTg3OS1hNmY3YzBjNjAyNzUiLCJzdWIiOiJzeXN0ZW0iLCJpYXQiOjE3NTg5Mjc5MzksImV4cCI6MTc1ODkzMTUzOX0.VpIBM8fYZlYgE6BYM7_kDfjqVriYaNbNKsGts-Uxsvs' AND expires_at > NOW()
 {executed in 1 msec}
2025-09-27 08:15:57.697[DEBUG] : <==      Total: 0
2025-09-27 08:15:57.698[DEBUG] : ==>  Preparing: SELECT u.id, u.username, u.password, u.displayname, u.profile_picture_path, u.email, u.role_id, u.active_session_jti, u.is_deleted, u.created_at, u.updated_at, r.rolename, ar.request_id AS ar_request_id, ar.user_id AS ar_user_id, ar.req_message AS ar_req_message, ar.assigned_admin_id AS ar_assigned_admin_id, uu.displayname AS ar_assigned_admin_name, ar.is_approved AS ar_is_approved, ar.requested_at AS ar_requested_at, ar.approved_at AS ar_approved_at FROM users u JOIN roles r ON u.role_id = r.id LEFT JOIN approval_requests ar ON u.id = ar.user_id LEFT JOIN users uu ON ar.assigned_admin_id = uu.id WHERE u.username = ?
2025-09-27 08:15:57.699[DEBUG] : ==> Parameters: system(String)
2025-09-27 08:15:57.701[DEBUG] :  com.zaxxer.hikari.pool.ProxyPreparedStatement.execute(ProxyPreparedStatement.java:44)
4. SELECT
            u.id, u.username, u.password, u.displayname, u.profile_picture_path, u.email, u.role_id, u.active_session_jti, u.is_deleted, u.created_at, u.updated_at,
            r.rolename,
            ar.request_id AS ar_request_id, ar.user_id AS ar_user_id, ar.req_message AS ar_req_message, ar.assigned_admin_id AS ar_assigned_admin_id, uu.displayname AS ar_assigned_admin_name, ar.is_approved AS ar_is_approved,
            ar.requested_at AS ar_requested_at, ar.approved_at AS ar_approved_at
        FROM users u
        JOIN roles r ON u.role_id = r.id
        LEFT JOIN approval_requests ar ON u.id = ar.user_id
        LEFT JOIN users uu ON ar.assigned_admin_id = uu.id
        WHERE u.username = 'system'
 {executed in 1 msec}
2025-09-27 08:15:57.702[DEBUG] : <==      Total: 1
2025-09-27 08:15:57.703[DEBUG] : ==>  Preparing: SELECT u.id, u.username, u.password, u.displayname, u.profile_picture_path, u.email, u.role_id, u.active_session_jti, u.is_deleted, u.created_at, u.updated_at, r.rolename, ar.request_id AS ar_request_id, ar.user_id AS ar_user_id, ar.req_message AS ar_req_message, ar.assigned_admin_id AS ar_assigned_admin_id, uu.displayname AS ar_assigned_admin_name, ar.is_approved AS ar_is_approved, ar.requested_at AS ar_requested_at, ar.approved_at AS ar_approved_at FROM users u JOIN roles r ON u.role_id = r.id LEFT JOIN approval_requests ar ON u.id = ar.user_id LEFT JOIN users uu ON ar.assigned_admin_id = uu.id WHERE u.username = ?
2025-09-27 08:15:57.703[DEBUG] : ==> Parameters: system(String)
2025-09-27 08:15:57.704[DEBUG] : ==>  Preparing: SELECT u.id, u.username, u.password, u.displayname, u.profile_picture_path, u.email, u.role_id, u.active_session_jti, u.is_deleted, u.created_at, u.updated_at, r.rolename, ar.request_id AS ar_request_id, ar.user_id AS ar_user_id, ar.req_message AS ar_req_message, ar.assigned_admin_id AS ar_assigned_admin_id, uu.displayname AS ar_assigned_admin_name, ar.is_approved AS ar_is_approved, ar.requested_at AS ar_requested_at, ar.approved_at AS ar_approved_at FROM users u JOIN roles r ON u.role_id = r.id LEFT JOIN approval_requests ar ON u.id = ar.user_id LEFT JOIN users uu ON ar.assigned_admin_id = uu.id WHERE u.username = ?
2025-09-27 08:15:57.704[DEBUG] :  com.zaxxer.hikari.pool.ProxyPreparedStatement.execute(ProxyPreparedStatement.java:44)
3. SELECT
            u.id, u.username, u.password, u.displayname, u.profile_picture_path, u.email, u.role_id, u.active_session_jti, u.is_deleted, u.created_at, u.updated_at,
            r.rolename,
            ar.request_id AS ar_request_id, ar.user_id AS ar_user_id, ar.req_message AS ar_req_message, ar.assigned_admin_id AS ar_assigned_admin_id, uu.displayname AS ar_assigned_admin_name, ar.is_approved AS ar_is_approved,
            ar.requested_at AS ar_requested_at, ar.approved_at AS ar_approved_at
        FROM users u
        JOIN roles r ON u.role_id = r.id
        LEFT JOIN approval_requests ar ON u.id = ar.user_id
        LEFT JOIN users uu ON ar.assigned_admin_id = uu.id
        WHERE u.username = 'system'
 {executed in 1 msec}
2025-09-27 08:15:57.704[DEBUG] : ==> Parameters: system(String)
2025-09-27 08:15:57.705[DEBUG] : <==      Total: 1
2025-09-27 08:15:57.706[DEBUG] :  com.zaxxer.hikari.pool.ProxyPreparedStatement.execute(ProxyPreparedStatement.java:44)
4. SELECT
            u.id, u.username, u.password, u.displayname, u.profile_picture_path, u.email, u.role_id, u.active_session_jti, u.is_deleted, u.created_at, u.updated_at,
            r.rolename,
            ar.request_id AS ar_request_id, ar.user_id AS ar_user_id, ar.req_message AS ar_req_message, ar.assigned_admin_id AS ar_assigned_admin_id, uu.displayname AS ar_assigned_admin_name, ar.is_approved AS ar_is_approved,
            ar.requested_at AS ar_requested_at, ar.approved_at AS ar_approved_at
        FROM users u
        JOIN roles r ON u.role_id = r.id
        LEFT JOIN approval_requests ar ON u.id = ar.user_id
        LEFT JOIN users uu ON ar.assigned_admin_id = uu.id
        WHERE u.username = 'system'
 {executed in 0 msec}
2025-09-27 08:15:57.707[DEBUG] : ==>  Preparing: SELECT u.id, u.username, u.password, u.displayname, u.profile_picture_path, u.email, u.role_id, u.active_session_jti, u.is_deleted, u.created_at, u.updated_at, r.rolename, ar.request_id AS ar_request_id, ar.user_id AS ar_user_id, ar.req_message AS ar_req_message, ar.assigned_admin_id AS ar_assigned_admin_id, uu.displayname AS ar_assigned_admin_name, ar.is_approved AS ar_is_approved, ar.requested_at AS ar_requested_at, ar.approved_at AS ar_approved_at FROM users u JOIN roles r ON u.role_id = r.id LEFT JOIN approval_requests ar ON u.id = ar.user_id LEFT JOIN users uu ON ar.assigned_admin_id = uu.id WHERE u.username = ?
2025-09-27 08:15:57.708[DEBUG] : <==      Total: 1
2025-09-27 08:15:57.708[DEBUG] : ==> Parameters: system(String)
2025-09-27 08:15:57.710[DEBUG] :  com.zaxxer.hikari.pool.ProxyPreparedStatement.execute(ProxyPreparedStatement.java:44)
3. SELECT
            u.id, u.username, u.password, u.displayname, u.profile_picture_path, u.email, u.role_id, u.active_session_jti, u.is_deleted, u.created_at, u.updated_at,
            r.rolename,
            ar.request_id AS ar_request_id, ar.user_id AS ar_user_id, ar.req_message AS ar_req_message, ar.assigned_admin_id AS ar_assigned_admin_id, uu.displayname AS ar_assigned_admin_name, ar.is_approved AS ar_is_approved,
            ar.requested_at AS ar_requested_at, ar.approved_at AS ar_approved_at
        FROM users u
        JOIN roles r ON u.role_id = r.id
        LEFT JOIN approval_requests ar ON u.id = ar.user_id
        LEFT JOIN users uu ON ar.assigned_admin_id = uu.id
        WHERE u.username = 'system'
 {executed in 1 msec}
2025-09-27 08:15:57.712[DEBUG] : <==      Total: 1
2025-09-27 08:15:57.719[DEBUG] : Contents/PROFILE_UserDetails: [ROLE_SYSTEM]
2025-09-27 08:15:57.724[DEBUG] : ==>  Preparing: SELECT id, token, expires_at, blacklisted_at FROM blacklisted_tokens WHERE token = ? AND expires_at > NOW()
2025-09-27 08:15:57.724[DEBUG] : ==> Parameters: eyJhbGciOiJIUzI1NiJ9.eyJqdGkiOiIwMzZjMGRkYS05YTRmLTQxZDAtOTg3OS1hNmY3YzBjNjAyNzUiLCJzdWIiOiJzeXN0ZW0iLCJpYXQiOjE3NTg5Mjc5MzksImV4cCI6MTc1ODkzMTUzOX0.VpIBM8fYZlYgE6BYM7_kDfjqVriYaNbNKsGts-Uxsvs(String)
2025-09-27 08:15:57.725[DEBUG] :  com.zaxxer.hikari.pool.ProxyPreparedStatement.execute(ProxyPreparedStatement.java:44)
5. SELECT id, token, expires_at, blacklisted_at
        FROM blacklisted_tokens
        WHERE token = 'eyJhbGciOiJIUzI1NiJ9.eyJqdGkiOiIwMzZjMGRkYS05YTRmLTQxZDAtOTg3OS1hNmY3YzBjNjAyNzUiLCJzdWIiOiJzeXN0ZW0iLCJpYXQiOjE3NTg5Mjc5MzksImV4cCI6MTc1ODkzMTUzOX0.VpIBM8fYZlYgE6BYM7_kDfjqVriYaNbNKsGts-Uxsvs' AND expires_at > NOW()
 {executed in 1 msec}
2025-09-27 08:15:57.725[DEBUG] : <==      Total: 0
2025-09-27 08:15:57.735[DEBUG] : ==>  Preparing: SELECT u.id, u.username, u.password, u.displayname, u.profile_picture_path, u.email, u.role_id, u.active_session_jti, u.is_deleted, u.created_at, u.updated_at, r.rolename, ar.request_id AS ar_request_id, ar.user_id AS ar_user_id, ar.req_message AS ar_req_message, ar.assigned_admin_id AS ar_assigned_admin_id, uu.displayname AS ar_assigned_admin_name, ar.is_approved AS ar_is_approved, ar.requested_at AS ar_requested_at, ar.approved_at AS ar_approved_at FROM users u JOIN roles r ON u.role_id = r.id LEFT JOIN approval_requests ar ON u.id = ar.user_id LEFT JOIN users uu ON ar.assigned_admin_id = uu.id WHERE u.username = ?
2025-09-27 08:15:57.735[DEBUG] : ==> Parameters: system(String)
2025-09-27 08:15:57.737[DEBUG] :  com.zaxxer.hikari.pool.ProxyPreparedStatement.execute(ProxyPreparedStatement.java:44)
5. SELECT
            u.id, u.username, u.password, u.displayname, u.profile_picture_path, u.email, u.role_id, u.active_session_jti, u.is_deleted, u.created_at, u.updated_at,
            r.rolename,
            ar.request_id AS ar_request_id, ar.user_id AS ar_user_id, ar.req_message AS ar_req_message, ar.assigned_admin_id AS ar_assigned_admin_id, uu.displayname AS ar_assigned_admin_name, ar.is_approved AS ar_is_approved,
            ar.requested_at AS ar_requested_at, ar.approved_at AS ar_approved_at
        FROM users u
        JOIN roles r ON u.role_id = r.id
        LEFT JOIN approval_requests ar ON u.id = ar.user_id
        LEFT JOIN users uu ON ar.assigned_admin_id = uu.id
        WHERE u.username = 'system'
 {executed in 0 msec}
2025-09-27 08:15:57.738[DEBUG] : <==      Total: 1
2025-09-27 08:15:57.740[DEBUG] : ==>  Preparing: SELECT u.id, u.username, u.password, u.displayname, u.profile_picture_path, u.email, u.role_id, u.active_session_jti, u.is_deleted, u.created_at, u.updated_at, r.rolename, ar.request_id AS ar_request_id, ar.user_id AS ar_user_id, ar.req_message AS ar_req_message, ar.assigned_admin_id AS ar_assigned_admin_id, uu.displayname AS ar_assigned_admin_name, ar.is_approved AS ar_is_approved, ar.requested_at AS ar_requested_at, ar.approved_at AS ar_approved_at FROM users u JOIN roles r ON u.role_id = r.id LEFT JOIN approval_requests ar ON u.id = ar.user_id LEFT JOIN users uu ON ar.assigned_admin_id = uu.id WHERE u.username = ?
2025-09-27 08:15:57.741[DEBUG] : ==> Parameters: system(String)
2025-09-27 08:15:57.743[DEBUG] :  com.zaxxer.hikari.pool.ProxyPreparedStatement.execute(ProxyPreparedStatement.java:44)
5. SELECT
            u.id, u.username, u.password, u.displayname, u.profile_picture_path, u.email, u.role_id, u.active_session_jti, u.is_deleted, u.created_at, u.updated_at,
            r.rolename,
            ar.request_id AS ar_request_id, ar.user_id AS ar_user_id, ar.req_message AS ar_req_message, ar.assigned_admin_id AS ar_assigned_admin_id, uu.displayname AS ar_assigned_admin_name, ar.is_approved AS ar_is_approved,
            ar.requested_at AS ar_requested_at, ar.approved_at AS ar_approved_at
        FROM users u
        JOIN roles r ON u.role_id = r.id
        LEFT JOIN approval_requests ar ON u.id = ar.user_id
        LEFT JOIN users uu ON ar.assigned_admin_id = uu.id
        WHERE u.username = 'system'
 {executed in 1 msec}
2025-09-27 08:15:57.745[DEBUG] : <==      Total: 1
2025-09-27 08:15:57.832[DEBUG] : ==>  Preparing: SELECT id, token, expires_at, blacklisted_at FROM blacklisted_tokens WHERE token = ? AND expires_at > NOW()
2025-09-27 08:15:57.832[DEBUG] : ==> Parameters: eyJhbGciOiJIUzI1NiJ9.eyJqdGkiOiIwMzZjMGRkYS05YTRmLTQxZDAtOTg3OS1hNmY3YzBjNjAyNzUiLCJzdWIiOiJzeXN0ZW0iLCJpYXQiOjE3NTg5Mjc5MzksImV4cCI6MTc1ODkzMTUzOX0.VpIBM8fYZlYgE6BYM7_kDfjqVriYaNbNKsGts-Uxsvs(String)
2025-09-27 08:15:57.834[DEBUG] :  com.zaxxer.hikari.pool.ProxyPreparedStatement.execute(ProxyPreparedStatement.java:44)
1. SELECT id, token, expires_at, blacklisted_at
        FROM blacklisted_tokens
        WHERE token = 'eyJhbGciOiJIUzI1NiJ9.eyJqdGkiOiIwMzZjMGRkYS05YTRmLTQxZDAtOTg3OS1hNmY3YzBjNjAyNzUiLCJzdWIiOiJzeXN0ZW0iLCJpYXQiOjE3NTg5Mjc5MzksImV4cCI6MTc1ODkzMTUzOX0.VpIBM8fYZlYgE6BYM7_kDfjqVriYaNbNKsGts-Uxsvs' AND expires_at > NOW()
 {executed in 1 msec}
2025-09-27 08:15:57.834[DEBUG] : <==      Total: 0
2025-09-27 08:15:57.839[DEBUG] : ==>  Preparing: SELECT u.id, u.username, u.password, u.displayname, u.profile_picture_path, u.email, u.role_id, u.active_session_jti, u.is_deleted, u.created_at, u.updated_at, r.rolename, ar.request_id AS ar_request_id, ar.user_id AS ar_user_id, ar.req_message AS ar_req_message, ar.assigned_admin_id AS ar_assigned_admin_id, uu.displayname AS ar_assigned_admin_name, ar.is_approved AS ar_is_approved, ar.requested_at AS ar_requested_at, ar.approved_at AS ar_approved_at FROM users u JOIN roles r ON u.role_id = r.id LEFT JOIN approval_requests ar ON u.id = ar.user_id LEFT JOIN users uu ON ar.assigned_admin_id = uu.id WHERE u.username = ?
2025-09-27 08:15:57.839[DEBUG] : ==> Parameters: system(String)
2025-09-27 08:15:57.840[DEBUG] :  com.zaxxer.hikari.pool.ProxyPreparedStatement.execute(ProxyPreparedStatement.java:44)
1. SELECT
            u.id, u.username, u.password, u.displayname, u.profile_picture_path, u.email, u.role_id, u.active_session_jti, u.is_deleted, u.created_at, u.updated_at,
            r.rolename,
            ar.request_id AS ar_request_id, ar.user_id AS ar_user_id, ar.req_message AS ar_req_message, ar.assigned_admin_id AS ar_assigned_admin_id, uu.displayname AS ar_assigned_admin_name, ar.is_approved AS ar_is_approved,
            ar.requested_at AS ar_requested_at, ar.approved_at AS ar_approved_at
        FROM users u
        JOIN roles r ON u.role_id = r.id
        LEFT JOIN approval_requests ar ON u.id = ar.user_id
        LEFT JOIN users uu ON ar.assigned_admin_id = uu.id
        WHERE u.username = 'system'
 {executed in 1 msec}
2025-09-27 08:15:57.842[DEBUG] : <==      Total: 1
2025-09-27 08:15:57.843[DEBUG] : ==>  Preparing: SELECT u.id, u.username, u.password, u.displayname, u.profile_picture_path, u.email, u.role_id, u.active_session_jti, u.is_deleted, u.created_at, u.updated_at, r.rolename, ar.request_id AS ar_request_id, ar.user_id AS ar_user_id, ar.req_message AS ar_req_message, ar.assigned_admin_id AS ar_assigned_admin_id, uu.displayname AS ar_assigned_admin_name, ar.is_approved AS ar_is_approved, ar.requested_at AS ar_requested_at, ar.approved_at AS ar_approved_at FROM users u JOIN roles r ON u.role_id = r.id LEFT JOIN approval_requests ar ON u.id = ar.user_id LEFT JOIN users uu ON ar.assigned_admin_id = uu.id WHERE u.username = ?
2025-09-27 08:15:57.843[DEBUG] : ==> Parameters: system(String)
2025-09-27 08:15:57.844[DEBUG] :  com.zaxxer.hikari.pool.ProxyPreparedStatement.execute(ProxyPreparedStatement.java:44)
1. SELECT
            u.id, u.username, u.password, u.displayname, u.profile_picture_path, u.email, u.role_id, u.active_session_jti, u.is_deleted, u.created_at, u.updated_at,
            r.rolename,
            ar.request_id AS ar_request_id, ar.user_id AS ar_user_id, ar.req_message AS ar_req_message, ar.assigned_admin_id AS ar_assigned_admin_id, uu.displayname AS ar_assigned_admin_name, ar.is_approved AS ar_is_approved,
            ar.requested_at AS ar_requested_at, ar.approved_at AS ar_approved_at
        FROM users u
        JOIN roles r ON u.role_id = r.id
        LEFT JOIN approval_requests ar ON u.id = ar.user_id
        LEFT JOIN users uu ON ar.assigned_admin_id = uu.id
        WHERE u.username = 'system'
 {executed in 1 msec}
2025-09-27 08:15:57.845[DEBUG] : <==      Total: 1
2025-09-27 08:15:57.853[DEBUG] : ==>  Preparing: SELECT u.id, u.username, u.password, u.displayname, u.profile_picture_path, u.email, u.role_id, u.active_session_jti, u.is_deleted, u.created_at, u.updated_at, r.rolename, ar.request_id AS ar_request_id, ar.user_id AS ar_user_id, ar.req_message AS ar_req_message, ar.assigned_admin_id AS ar_assigned_admin_id, uu.displayname AS ar_assigned_admin_name, ar.is_approved AS ar_is_approved, ar.requested_at AS ar_requested_at, ar.approved_at AS ar_approved_at FROM users u JOIN roles r ON u.role_id = r.id LEFT JOIN approval_requests ar ON u.id = ar.user_id LEFT JOIN users uu ON ar.assigned_admin_id = uu.id WHERE u.id = ?
2025-09-27 08:15:57.853[DEBUG] : ==> Parameters: 1(Long)
2025-09-27 08:15:57.855[DEBUG] :  com.zaxxer.hikari.pool.ProxyPreparedStatement.execute(ProxyPreparedStatement.java:44)
1. SELECT
            u.id, u.username, u.password, u.displayname, u.profile_picture_path, u.email, u.role_id, u.active_session_jti, u.is_deleted, u.created_at, u.updated_at,
            r.rolename,
            ar.request_id AS ar_request_id, ar.user_id AS ar_user_id, ar.req_message AS ar_req_message, ar.assigned_admin_id AS ar_assigned_admin_id, uu.displayname AS ar_assigned_admin_name, ar.is_approved AS ar_is_approved,
            ar.requested_at AS ar_requested_at, ar.approved_at AS ar_approved_at
        FROM users u
        JOIN roles r ON u.role_id = r.id
        LEFT JOIN approval_requests ar ON u.id = ar.user_id
        LEFT JOIN users uu ON ar.assigned_admin_id = uu.id
        WHERE u.id = 1
 {executed in 1 msec}
2025-09-27 08:15:57.857[DEBUG] : <==      Total: 1
2025-09-27 08:15:59.235[DEBUG] : ==>  Preparing: SELECT id, token, expires_at, blacklisted_at FROM blacklisted_tokens WHERE token = ? AND expires_at > NOW()
2025-09-27 08:15:59.235[DEBUG] : ==> Parameters: eyJhbGciOiJIUzI1NiJ9.eyJqdGkiOiIwMzZjMGRkYS05YTRmLTQxZDAtOTg3OS1hNmY3YzBjNjAyNzUiLCJzdWIiOiJzeXN0ZW0iLCJpYXQiOjE3NTg5Mjc5MzksImV4cCI6MTc1ODkzMTUzOX0.VpIBM8fYZlYgE6BYM7_kDfjqVriYaNbNKsGts-Uxsvs(String)
2025-09-27 08:15:59.237[DEBUG] :  com.zaxxer.hikari.pool.ProxyPreparedStatement.execute(ProxyPreparedStatement.java:44)
6. SELECT id, token, expires_at, blacklisted_at
        FROM blacklisted_tokens
        WHERE token = 'eyJhbGciOiJIUzI1NiJ9.eyJqdGkiOiIwMzZjMGRkYS05YTRmLTQxZDAtOTg3OS1hNmY3YzBjNjAyNzUiLCJzdWIiOiJzeXN0ZW0iLCJpYXQiOjE3NTg5Mjc5MzksImV4cCI6MTc1ODkzMTUzOX0.VpIBM8fYZlYgE6BYM7_kDfjqVriYaNbNKsGts-Uxsvs' AND expires_at > NOW()
 {executed in 0 msec}
2025-09-27 08:15:59.237[DEBUG] : <==      Total: 0
2025-09-27 08:15:59.254[DEBUG] : ==>  Preparing: SELECT u.id, u.username, u.password, u.displayname, u.profile_picture_path, u.email, u.role_id, u.active_session_jti, u.is_deleted, u.created_at, u.updated_at, r.rolename, ar.request_id AS ar_request_id, ar.user_id AS ar_user_id, ar.req_message AS ar_req_message, ar.assigned_admin_id AS ar_assigned_admin_id, uu.displayname AS ar_assigned_admin_name, ar.is_approved AS ar_is_approved, ar.requested_at AS ar_requested_at, ar.approved_at AS ar_approved_at FROM users u JOIN roles r ON u.role_id = r.id LEFT JOIN approval_requests ar ON u.id = ar.user_id LEFT JOIN users uu ON ar.assigned_admin_id = uu.id WHERE u.username = ?
2025-09-27 08:15:59.277[DEBUG] : ==> Parameters: system(String)
2025-09-27 08:15:59.310[DEBUG] :  com.zaxxer.hikari.pool.ProxyPreparedStatement.execute(ProxyPreparedStatement.java:44)
6. SELECT
            u.id, u.username, u.password, u.displayname, u.profile_picture_path, u.email, u.role_id, u.active_session_jti, u.is_deleted, u.created_at, u.updated_at,
            r.rolename,
            ar.request_id AS ar_request_id, ar.user_id AS ar_user_id, ar.req_message AS ar_req_message, ar.assigned_admin_id AS ar_assigned_admin_id, uu.displayname AS ar_assigned_admin_name, ar.is_approved AS ar_is_approved,
            ar.requested_at AS ar_requested_at, ar.approved_at AS ar_approved_at
        FROM users u
        JOIN roles r ON u.role_id = r.id
        LEFT JOIN approval_requests ar ON u.id = ar.user_id
        LEFT JOIN users uu ON ar.assigned_admin_id = uu.id
        WHERE u.username = 'system'
 {executed in 32 msec}
2025-09-27 08:15:59.538[DEBUG] : <==      Total: 1
2025-09-27 08:15:59.541[DEBUG] : ==>  Preparing: SELECT u.id, u.username, u.password, u.displayname, u.profile_picture_path, u.email, u.role_id, u.active_session_jti, u.is_deleted, u.created_at, u.updated_at, r.rolename, ar.request_id AS ar_request_id, ar.user_id AS ar_user_id, ar.req_message AS ar_req_message, ar.assigned_admin_id AS ar_assigned_admin_id, uu.displayname AS ar_assigned_admin_name, ar.is_approved AS ar_is_approved, ar.requested_at AS ar_requested_at, ar.approved_at AS ar_approved_at FROM users u JOIN roles r ON u.role_id = r.id LEFT JOIN approval_requests ar ON u.id = ar.user_id LEFT JOIN users uu ON ar.assigned_admin_id = uu.id WHERE u.username = ?
2025-09-27 08:15:59.541[DEBUG] : ==> Parameters: system(String)
2025-09-27 08:15:59.543[DEBUG] :  com.zaxxer.hikari.pool.ProxyPreparedStatement.execute(ProxyPreparedStatement.java:44)
6. SELECT
            u.id, u.username, u.password, u.displayname, u.profile_picture_path, u.email, u.role_id, u.active_session_jti, u.is_deleted, u.created_at, u.updated_at,
            r.rolename,
            ar.request_id AS ar_request_id, ar.user_id AS ar_user_id, ar.req_message AS ar_req_message, ar.assigned_admin_id AS ar_assigned_admin_id, uu.displayname AS ar_assigned_admin_name, ar.is_approved AS ar_is_approved,
            ar.requested_at AS ar_requested_at, ar.approved_at AS ar_approved_at
        FROM users u
        JOIN roles r ON u.role_id = r.id
        LEFT JOIN approval_requests ar ON u.id = ar.user_id
        LEFT JOIN users uu ON ar.assigned_admin_id = uu.id
        WHERE u.username = 'system'
 {executed in 0 msec}
2025-09-27 08:15:59.544[DEBUG] : <==      Total: 1
2025-09-27 08:15:59.550[DEBUG] : Contents/SYSTEM-APPROVAL_UserDetails: [ROLE_SYSTEM]
2025-09-27 08:15:59.650[DEBUG] : ==>  Preparing: SELECT id, token, expires_at, blacklisted_at FROM blacklisted_tokens WHERE token = ? AND expires_at > NOW()
2025-09-27 08:15:59.650[DEBUG] : ==> Parameters: eyJhbGciOiJIUzI1NiJ9.eyJqdGkiOiIwMzZjMGRkYS05YTRmLTQxZDAtOTg3OS1hNmY3YzBjNjAyNzUiLCJzdWIiOiJzeXN0ZW0iLCJpYXQiOjE3NTg5Mjc5MzksImV4cCI6MTc1ODkzMTUzOX0.VpIBM8fYZlYgE6BYM7_kDfjqVriYaNbNKsGts-Uxsvs(String)
2025-09-27 08:15:59.651[DEBUG] :  com.zaxxer.hikari.pool.ProxyPreparedStatement.execute(ProxyPreparedStatement.java:44)
3. SELECT id, token, expires_at, blacklisted_at
        FROM blacklisted_tokens
        WHERE token = 'eyJhbGciOiJIUzI1NiJ9.eyJqdGkiOiIwMzZjMGRkYS05YTRmLTQxZDAtOTg3OS1hNmY3YzBjNjAyNzUiLCJzdWIiOiJzeXN0ZW0iLCJpYXQiOjE3NTg5Mjc5MzksImV4cCI6MTc1ODkzMTUzOX0.VpIBM8fYZlYgE6BYM7_kDfjqVriYaNbNKsGts-Uxsvs' AND expires_at > NOW()
 {executed in 1 msec}
2025-09-27 08:15:59.651[DEBUG] : <==      Total: 0
2025-09-27 08:15:59.657[DEBUG] : ==>  Preparing: SELECT u.id, u.username, u.password, u.displayname, u.profile_picture_path, u.email, u.role_id, u.active_session_jti, u.is_deleted, u.created_at, u.updated_at, r.rolename, ar.request_id AS ar_request_id, ar.user_id AS ar_user_id, ar.req_message AS ar_req_message, ar.assigned_admin_id AS ar_assigned_admin_id, uu.displayname AS ar_assigned_admin_name, ar.is_approved AS ar_is_approved, ar.requested_at AS ar_requested_at, ar.approved_at AS ar_approved_at FROM users u JOIN roles r ON u.role_id = r.id LEFT JOIN approval_requests ar ON u.id = ar.user_id LEFT JOIN users uu ON ar.assigned_admin_id = uu.id WHERE u.username = ?
2025-09-27 08:15:59.657[DEBUG] : ==> Parameters: system(String)
2025-09-27 08:15:59.658[DEBUG] :  com.zaxxer.hikari.pool.ProxyPreparedStatement.execute(ProxyPreparedStatement.java:44)
3. SELECT
            u.id, u.username, u.password, u.displayname, u.profile_picture_path, u.email, u.role_id, u.active_session_jti, u.is_deleted, u.created_at, u.updated_at,
            r.rolename,
            ar.request_id AS ar_request_id, ar.user_id AS ar_user_id, ar.req_message AS ar_req_message, ar.assigned_admin_id AS ar_assigned_admin_id, uu.displayname AS ar_assigned_admin_name, ar.is_approved AS ar_is_approved,
            ar.requested_at AS ar_requested_at, ar.approved_at AS ar_approved_at
        FROM users u
        JOIN roles r ON u.role_id = r.id
        LEFT JOIN approval_requests ar ON u.id = ar.user_id
        LEFT JOIN users uu ON ar.assigned_admin_id = uu.id
        WHERE u.username = 'system'
 {executed in 1 msec}
2025-09-27 08:15:59.660[DEBUG] : <==      Total: 1
2025-09-27 08:15:59.661[DEBUG] : ==>  Preparing: SELECT u.id, u.username, u.password, u.displayname, u.profile_picture_path, u.email, u.role_id, u.active_session_jti, u.is_deleted, u.created_at, u.updated_at, r.rolename, ar.request_id AS ar_request_id, ar.user_id AS ar_user_id, ar.req_message AS ar_req_message, ar.assigned_admin_id AS ar_assigned_admin_id, uu.displayname AS ar_assigned_admin_name, ar.is_approved AS ar_is_approved, ar.requested_at AS ar_requested_at, ar.approved_at AS ar_approved_at FROM users u JOIN roles r ON u.role_id = r.id LEFT JOIN approval_requests ar ON u.id = ar.user_id LEFT JOIN users uu ON ar.assigned_admin_id = uu.id WHERE u.username = ?
2025-09-27 08:15:59.661[DEBUG] : ==> Parameters: system(String)
2025-09-27 08:15:59.662[DEBUG] :  com.zaxxer.hikari.pool.ProxyPreparedStatement.execute(ProxyPreparedStatement.java:44)
3. SELECT
            u.id, u.username, u.password, u.displayname, u.profile_picture_path, u.email, u.role_id, u.active_session_jti, u.is_deleted, u.created_at, u.updated_at,
            r.rolename,
            ar.request_id AS ar_request_id, ar.user_id AS ar_user_id, ar.req_message AS ar_req_message, ar.assigned_admin_id AS ar_assigned_admin_id, uu.displayname AS ar_assigned_admin_name, ar.is_approved AS ar_is_approved,
            ar.requested_at AS ar_requested_at, ar.approved_at AS ar_approved_at
        FROM users u
        JOIN roles r ON u.role_id = r.id
        LEFT JOIN approval_requests ar ON u.id = ar.user_id
        LEFT JOIN users uu ON ar.assigned_admin_id = uu.id
        WHERE u.username = 'system'
 {executed in 1 msec}
2025-09-27 08:15:59.663[DEBUG] : <==      Total: 1
2025-09-27 08:15:59.703[DEBUG] : ==>  Preparing: SELECT u.id, u.username, u.displayname, u.email, ar.req_message, r.rolename FROM users u JOIN roles r ON u.role_id = r.id JOIN approval_requests ar ON u.id = ar.user_id WHERE r.rolename = 'ADMIN' AND ar.is_approved = 0 ORDER BY u.id ASC
2025-09-27 08:15:59.703[DEBUG] : ==> Parameters: 
2025-09-27 08:15:59.704[DEBUG] :  com.zaxxer.hikari.pool.ProxyPreparedStatement.execute(ProxyPreparedStatement.java:44)
3. SELECT
            u.id, u.username, u.displayname, u.email, ar.req_message,
            r.rolename
        FROM users u
        JOIN roles r ON u.role_id = r.id
        JOIN approval_requests ar ON u.id = ar.user_id
        WHERE r.rolename = 'ADMIN' AND ar.is_approved = 0
        ORDER BY u.id ASC
 {executed in 1 msec}
2025-09-27 08:15:59.705[DEBUG] : <==      Total: 0
2025-09-27 08:15:59.705[DEBUG] : Pending-Admins_PendingAdminList: []
2025-09-27 08:16:00.335[DEBUG] : ==>  Preparing: SELECT id, token, expires_at, blacklisted_at FROM blacklisted_tokens WHERE token = ? AND expires_at > NOW()
2025-09-27 08:16:00.335[DEBUG] : ==> Parameters: eyJhbGciOiJIUzI1NiJ9.eyJqdGkiOiIwMzZjMGRkYS05YTRmLTQxZDAtOTg3OS1hNmY3YzBjNjAyNzUiLCJzdWIiOiJzeXN0ZW0iLCJpYXQiOjE3NTg5Mjc5MzksImV4cCI6MTc1ODkzMTUzOX0.VpIBM8fYZlYgE6BYM7_kDfjqVriYaNbNKsGts-Uxsvs(String)
2025-09-27 08:16:00.336[DEBUG] :  com.zaxxer.hikari.pool.ProxyPreparedStatement.execute(ProxyPreparedStatement.java:44)
2. SELECT id, token, expires_at, blacklisted_at
        FROM blacklisted_tokens
        WHERE token = 'eyJhbGciOiJIUzI1NiJ9.eyJqdGkiOiIwMzZjMGRkYS05YTRmLTQxZDAtOTg3OS1hNmY3YzBjNjAyNzUiLCJzdWIiOiJzeXN0ZW0iLCJpYXQiOjE3NTg5Mjc5MzksImV4cCI6MTc1ODkzMTUzOX0.VpIBM8fYZlYgE6BYM7_kDfjqVriYaNbNKsGts-Uxsvs' AND expires_at > NOW()
 {executed in 1 msec}
2025-09-27 08:16:00.336[DEBUG] : <==      Total: 0
2025-09-27 08:16:00.341[DEBUG] : ==>  Preparing: SELECT u.id, u.username, u.password, u.displayname, u.profile_picture_path, u.email, u.role_id, u.active_session_jti, u.is_deleted, u.created_at, u.updated_at, r.rolename, ar.request_id AS ar_request_id, ar.user_id AS ar_user_id, ar.req_message AS ar_req_message, ar.assigned_admin_id AS ar_assigned_admin_id, uu.displayname AS ar_assigned_admin_name, ar.is_approved AS ar_is_approved, ar.requested_at AS ar_requested_at, ar.approved_at AS ar_approved_at FROM users u JOIN roles r ON u.role_id = r.id LEFT JOIN approval_requests ar ON u.id = ar.user_id LEFT JOIN users uu ON ar.assigned_admin_id = uu.id WHERE u.username = ?
2025-09-27 08:16:00.342[DEBUG] : ==> Parameters: system(String)
2025-09-27 08:16:00.343[DEBUG] :  com.zaxxer.hikari.pool.ProxyPreparedStatement.execute(ProxyPreparedStatement.java:44)
2. SELECT
            u.id, u.username, u.password, u.displayname, u.profile_picture_path, u.email, u.role_id, u.active_session_jti, u.is_deleted, u.created_at, u.updated_at,
            r.rolename,
            ar.request_id AS ar_request_id, ar.user_id AS ar_user_id, ar.req_message AS ar_req_message, ar.assigned_admin_id AS ar_assigned_admin_id, uu.displayname AS ar_assigned_admin_name, ar.is_approved AS ar_is_approved,
            ar.requested_at AS ar_requested_at, ar.approved_at AS ar_approved_at
        FROM users u
        JOIN roles r ON u.role_id = r.id
        LEFT JOIN approval_requests ar ON u.id = ar.user_id
        LEFT JOIN users uu ON ar.assigned_admin_id = uu.id
        WHERE u.username = 'system'
 {executed in 1 msec}
2025-09-27 08:16:00.344[DEBUG] : <==      Total: 1
2025-09-27 08:16:00.345[DEBUG] : ==>  Preparing: SELECT u.id, u.username, u.password, u.displayname, u.profile_picture_path, u.email, u.role_id, u.active_session_jti, u.is_deleted, u.created_at, u.updated_at, r.rolename, ar.request_id AS ar_request_id, ar.user_id AS ar_user_id, ar.req_message AS ar_req_message, ar.assigned_admin_id AS ar_assigned_admin_id, uu.displayname AS ar_assigned_admin_name, ar.is_approved AS ar_is_approved, ar.requested_at AS ar_requested_at, ar.approved_at AS ar_approved_at FROM users u JOIN roles r ON u.role_id = r.id LEFT JOIN approval_requests ar ON u.id = ar.user_id LEFT JOIN users uu ON ar.assigned_admin_id = uu.id WHERE u.username = ?
2025-09-27 08:16:00.346[DEBUG] : ==> Parameters: system(String)
2025-09-27 08:16:00.346[DEBUG] :  com.zaxxer.hikari.pool.ProxyPreparedStatement.execute(ProxyPreparedStatement.java:44)
2. SELECT
            u.id, u.username, u.password, u.displayname, u.profile_picture_path, u.email, u.role_id, u.active_session_jti, u.is_deleted, u.created_at, u.updated_at,
            r.rolename,
            ar.request_id AS ar_request_id, ar.user_id AS ar_user_id, ar.req_message AS ar_req_message, ar.assigned_admin_id AS ar_assigned_admin_id, uu.displayname AS ar_assigned_admin_name, ar.is_approved AS ar_is_approved,
            ar.requested_at AS ar_requested_at, ar.approved_at AS ar_approved_at
        FROM users u
        JOIN roles r ON u.role_id = r.id
        LEFT JOIN approval_requests ar ON u.id = ar.user_id
        LEFT JOIN users uu ON ar.assigned_admin_id = uu.id
        WHERE u.username = 'system'
 {executed in 0 msec}
2025-09-27 08:16:00.347[DEBUG] : <==      Total: 1
2025-09-27 08:16:00.351[DEBUG] : Contents/STATISTICS_UserDetails: [ROLE_SYSTEM]
2025-09-27 08:16:01.358[DEBUG] : ==>  Preparing: SELECT id, token, expires_at, blacklisted_at FROM blacklisted_tokens WHERE token = ? AND expires_at > NOW()
2025-09-27 08:16:01.358[DEBUG] : ==> Parameters: eyJhbGciOiJIUzI1NiJ9.eyJqdGkiOiIwMzZjMGRkYS05YTRmLTQxZDAtOTg3OS1hNmY3YzBjNjAyNzUiLCJzdWIiOiJzeXN0ZW0iLCJpYXQiOjE3NTg5Mjc5MzksImV4cCI6MTc1ODkzMTUzOX0.VpIBM8fYZlYgE6BYM7_kDfjqVriYaNbNKsGts-Uxsvs(String)
2025-09-27 08:16:01.359[DEBUG] :  com.zaxxer.hikari.pool.ProxyPreparedStatement.execute(ProxyPreparedStatement.java:44)
4. SELECT id, token, expires_at, blacklisted_at
        FROM blacklisted_tokens
        WHERE token = 'eyJhbGciOiJIUzI1NiJ9.eyJqdGkiOiIwMzZjMGRkYS05YTRmLTQxZDAtOTg3OS1hNmY3YzBjNjAyNzUiLCJzdWIiOiJzeXN0ZW0iLCJpYXQiOjE3NTg5Mjc5MzksImV4cCI6MTc1ODkzMTUzOX0.VpIBM8fYZlYgE6BYM7_kDfjqVriYaNbNKsGts-Uxsvs' AND expires_at > NOW()
 {executed in 1 msec}
2025-09-27 08:16:01.359[DEBUG] : <==      Total: 0
2025-09-27 08:16:01.363[DEBUG] : ==>  Preparing: SELECT u.id, u.username, u.password, u.displayname, u.profile_picture_path, u.email, u.role_id, u.active_session_jti, u.is_deleted, u.created_at, u.updated_at, r.rolename, ar.request_id AS ar_request_id, ar.user_id AS ar_user_id, ar.req_message AS ar_req_message, ar.assigned_admin_id AS ar_assigned_admin_id, uu.displayname AS ar_assigned_admin_name, ar.is_approved AS ar_is_approved, ar.requested_at AS ar_requested_at, ar.approved_at AS ar_approved_at FROM users u JOIN roles r ON u.role_id = r.id LEFT JOIN approval_requests ar ON u.id = ar.user_id LEFT JOIN users uu ON ar.assigned_admin_id = uu.id WHERE u.username = ?
2025-09-27 08:16:01.364[DEBUG] : ==> Parameters: system(String)
2025-09-27 08:16:01.365[DEBUG] :  com.zaxxer.hikari.pool.ProxyPreparedStatement.execute(ProxyPreparedStatement.java:44)
4. SELECT
            u.id, u.username, u.password, u.displayname, u.profile_picture_path, u.email, u.role_id, u.active_session_jti, u.is_deleted, u.created_at, u.updated_at,
            r.rolename,
            ar.request_id AS ar_request_id, ar.user_id AS ar_user_id, ar.req_message AS ar_req_message, ar.assigned_admin_id AS ar_assigned_admin_id, uu.displayname AS ar_assigned_admin_name, ar.is_approved AS ar_is_approved,
            ar.requested_at AS ar_requested_at, ar.approved_at AS ar_approved_at
        FROM users u
        JOIN roles r ON u.role_id = r.id
        LEFT JOIN approval_requests ar ON u.id = ar.user_id
        LEFT JOIN users uu ON ar.assigned_admin_id = uu.id
        WHERE u.username = 'system'
 {executed in 0 msec}
2025-09-27 08:16:01.367[DEBUG] : <==      Total: 1
2025-09-27 08:16:01.368[DEBUG] : ==>  Preparing: SELECT u.id, u.username, u.password, u.displayname, u.profile_picture_path, u.email, u.role_id, u.active_session_jti, u.is_deleted, u.created_at, u.updated_at, r.rolename, ar.request_id AS ar_request_id, ar.user_id AS ar_user_id, ar.req_message AS ar_req_message, ar.assigned_admin_id AS ar_assigned_admin_id, uu.displayname AS ar_assigned_admin_name, ar.is_approved AS ar_is_approved, ar.requested_at AS ar_requested_at, ar.approved_at AS ar_approved_at FROM users u JOIN roles r ON u.role_id = r.id LEFT JOIN approval_requests ar ON u.id = ar.user_id LEFT JOIN users uu ON ar.assigned_admin_id = uu.id WHERE u.username = ?
2025-09-27 08:16:01.369[DEBUG] : ==> Parameters: system(String)
2025-09-27 08:16:01.370[DEBUG] :  com.zaxxer.hikari.pool.ProxyPreparedStatement.execute(ProxyPreparedStatement.java:44)
4. SELECT
            u.id, u.username, u.password, u.displayname, u.profile_picture_path, u.email, u.role_id, u.active_session_jti, u.is_deleted, u.created_at, u.updated_at,
            r.rolename,
            ar.request_id AS ar_request_id, ar.user_id AS ar_user_id, ar.req_message AS ar_req_message, ar.assigned_admin_id AS ar_assigned_admin_id, uu.displayname AS ar_assigned_admin_name, ar.is_approved AS ar_is_approved,
            ar.requested_at AS ar_requested_at, ar.approved_at AS ar_approved_at
        FROM users u
        JOIN roles r ON u.role_id = r.id
        LEFT JOIN approval_requests ar ON u.id = ar.user_id
        LEFT JOIN users uu ON ar.assigned_admin_id = uu.id
        WHERE u.username = 'system'
 {executed in 0 msec}
2025-09-27 08:16:01.371[DEBUG] : <==      Total: 1
2025-09-27 08:16:01.374[DEBUG] : Contents/PROFILE_UserDetails: [ROLE_SYSTEM]
2025-09-27 08:16:01.382[DEBUG] : ==>  Preparing: SELECT id, token, expires_at, blacklisted_at FROM blacklisted_tokens WHERE token = ? AND expires_at > NOW()
2025-09-27 08:16:01.382[DEBUG] : ==> Parameters: eyJhbGciOiJIUzI1NiJ9.eyJqdGkiOiIwMzZjMGRkYS05YTRmLTQxZDAtOTg3OS1hNmY3YzBjNjAyNzUiLCJzdWIiOiJzeXN0ZW0iLCJpYXQiOjE3NTg5Mjc5MzksImV4cCI6MTc1ODkzMTUzOX0.VpIBM8fYZlYgE6BYM7_kDfjqVriYaNbNKsGts-Uxsvs(String)
2025-09-27 08:16:01.383[DEBUG] :  com.zaxxer.hikari.pool.ProxyPreparedStatement.execute(ProxyPreparedStatement.java:44)
2. SELECT id, token, expires_at, blacklisted_at
        FROM blacklisted_tokens
        WHERE token = 'eyJhbGciOiJIUzI1NiJ9.eyJqdGkiOiIwMzZjMGRkYS05YTRmLTQxZDAtOTg3OS1hNmY3YzBjNjAyNzUiLCJzdWIiOiJzeXN0ZW0iLCJpYXQiOjE3NTg5Mjc5MzksImV4cCI6MTc1ODkzMTUzOX0.VpIBM8fYZlYgE6BYM7_kDfjqVriYaNbNKsGts-Uxsvs' AND expires_at > NOW()
 {executed in 0 msec}
2025-09-27 08:16:01.384[DEBUG] : <==      Total: 0
2025-09-27 08:16:01.389[DEBUG] : ==>  Preparing: SELECT u.id, u.username, u.password, u.displayname, u.profile_picture_path, u.email, u.role_id, u.active_session_jti, u.is_deleted, u.created_at, u.updated_at, r.rolename, ar.request_id AS ar_request_id, ar.user_id AS ar_user_id, ar.req_message AS ar_req_message, ar.assigned_admin_id AS ar_assigned_admin_id, uu.displayname AS ar_assigned_admin_name, ar.is_approved AS ar_is_approved, ar.requested_at AS ar_requested_at, ar.approved_at AS ar_approved_at FROM users u JOIN roles r ON u.role_id = r.id LEFT JOIN approval_requests ar ON u.id = ar.user_id LEFT JOIN users uu ON ar.assigned_admin_id = uu.id WHERE u.username = ?
2025-09-27 08:16:01.389[DEBUG] : ==> Parameters: system(String)
2025-09-27 08:16:01.390[DEBUG] :  com.zaxxer.hikari.pool.ProxyPreparedStatement.execute(ProxyPreparedStatement.java:44)
2. SELECT
            u.id, u.username, u.password, u.displayname, u.profile_picture_path, u.email, u.role_id, u.active_session_jti, u.is_deleted, u.created_at, u.updated_at,
            r.rolename,
            ar.request_id AS ar_request_id, ar.user_id AS ar_user_id, ar.req_message AS ar_req_message, ar.assigned_admin_id AS ar_assigned_admin_id, uu.displayname AS ar_assigned_admin_name, ar.is_approved AS ar_is_approved,
            ar.requested_at AS ar_requested_at, ar.approved_at AS ar_approved_at
        FROM users u
        JOIN roles r ON u.role_id = r.id
        LEFT JOIN approval_requests ar ON u.id = ar.user_id
        LEFT JOIN users uu ON ar.assigned_admin_id = uu.id
        WHERE u.username = 'system'
 {executed in 1 msec}
2025-09-27 08:16:01.391[DEBUG] : <==      Total: 1
2025-09-27 08:16:01.392[DEBUG] : ==>  Preparing: SELECT u.id, u.username, u.password, u.displayname, u.profile_picture_path, u.email, u.role_id, u.active_session_jti, u.is_deleted, u.created_at, u.updated_at, r.rolename, ar.request_id AS ar_request_id, ar.user_id AS ar_user_id, ar.req_message AS ar_req_message, ar.assigned_admin_id AS ar_assigned_admin_id, uu.displayname AS ar_assigned_admin_name, ar.is_approved AS ar_is_approved, ar.requested_at AS ar_requested_at, ar.approved_at AS ar_approved_at FROM users u JOIN roles r ON u.role_id = r.id LEFT JOIN approval_requests ar ON u.id = ar.user_id LEFT JOIN users uu ON ar.assigned_admin_id = uu.id WHERE u.username = ?
2025-09-27 08:16:01.392[DEBUG] : ==> Parameters: system(String)
2025-09-27 08:16:01.393[DEBUG] :  com.zaxxer.hikari.pool.ProxyPreparedStatement.execute(ProxyPreparedStatement.java:44)
2. SELECT
            u.id, u.username, u.password, u.displayname, u.profile_picture_path, u.email, u.role_id, u.active_session_jti, u.is_deleted, u.created_at, u.updated_at,
            r.rolename,
            ar.request_id AS ar_request_id, ar.user_id AS ar_user_id, ar.req_message AS ar_req_message, ar.assigned_admin_id AS ar_assigned_admin_id, uu.displayname AS ar_assigned_admin_name, ar.is_approved AS ar_is_approved,
            ar.requested_at AS ar_requested_at, ar.approved_at AS ar_approved_at
        FROM users u
        JOIN roles r ON u.role_id = r.id
        LEFT JOIN approval_requests ar ON u.id = ar.user_id
        LEFT JOIN users uu ON ar.assigned_admin_id = uu.id
        WHERE u.username = 'system'
 {executed in 1 msec}
2025-09-27 08:16:01.395[DEBUG] : <==      Total: 1
2025-09-27 08:16:01.399[DEBUG] : ==>  Preparing: SELECT u.id, u.username, u.password, u.displayname, u.profile_picture_path, u.email, u.role_id, u.active_session_jti, u.is_deleted, u.created_at, u.updated_at, r.rolename, ar.request_id AS ar_request_id, ar.user_id AS ar_user_id, ar.req_message AS ar_req_message, ar.assigned_admin_id AS ar_assigned_admin_id, uu.displayname AS ar_assigned_admin_name, ar.is_approved AS ar_is_approved, ar.requested_at AS ar_requested_at, ar.approved_at AS ar_approved_at FROM users u JOIN roles r ON u.role_id = r.id LEFT JOIN approval_requests ar ON u.id = ar.user_id LEFT JOIN users uu ON ar.assigned_admin_id = uu.id WHERE u.id = ?
2025-09-27 08:16:01.399[DEBUG] : ==> Parameters: 1(Long)
2025-09-27 08:16:01.400[DEBUG] :  com.zaxxer.hikari.pool.ProxyPreparedStatement.execute(ProxyPreparedStatement.java:44)
2. SELECT
            u.id, u.username, u.password, u.displayname, u.profile_picture_path, u.email, u.role_id, u.active_session_jti, u.is_deleted, u.created_at, u.updated_at,
            r.rolename,
            ar.request_id AS ar_request_id, ar.user_id AS ar_user_id, ar.req_message AS ar_req_message, ar.assigned_admin_id AS ar_assigned_admin_id, uu.displayname AS ar_assigned_admin_name, ar.is_approved AS ar_is_approved,
            ar.requested_at AS ar_requested_at, ar.approved_at AS ar_approved_at
        FROM users u
        JOIN roles r ON u.role_id = r.id
        LEFT JOIN approval_requests ar ON u.id = ar.user_id
        LEFT JOIN users uu ON ar.assigned_admin_id = uu.id
        WHERE u.id = 1
 {executed in 1 msec}
2025-09-27 08:16:01.401[DEBUG] : <==      Total: 1
2025-09-27 08:16:14.520[INFO ] : HikariPool-1 - Shutdown initiated...
2025-09-27 08:16:14.531[INFO ] : HikariPool-1 - Shutdown completed.
