2025-06-01 13:16:05.241[INFO ] : Starting SpringBootTemplateApplication using Java 17.0.12 with PID 940 (D:\Web\Spring\Workspace\SpringBootTemplate\out\production\classes started by IDBS_Oculus in D:\Web\Spring\Workspace\SpringBootTemplate)
2025-06-01 13:16:05.242[DEBUG] : Running with Spring Boot v3.3.12, Spring v6.1.20
2025-06-01 13:16:05.243[INFO ] : No active profile set, falling back to 1 default profile: "default"
2025-06-01 13:16:05.301[INFO ] : Devtools property defaults active! Set 'spring.devtools.add-properties' to 'false' to disable
2025-06-01 13:16:05.302[INFO ] : For additional web related logging consider setting the 'logging.level.web' property to 'DEBUG'
2025-06-01 13:16:06.621[INFO ] : Tomcat initialized with port 8080 (http)
2025-06-01 13:16:06.645[INFO ] : Starting service [Tomcat]
2025-06-01 13:16:06.646[INFO ] : Starting Servlet engine: [Apache Tomcat/10.1.41]
2025-06-01 13:16:06.880[INFO ] : At least one JAR was scanned for TLDs yet contained no TLDs. Enable debug logging for this logger for a complete list of JARs that were scanned but no TLDs were found in them. Skipping unneeded JARs during scanning can improve startup time and JSP compilation time.
2025-06-01 13:16:06.890[INFO ] : Initializing Spring embedded WebApplicationContext
2025-06-01 13:16:06.890[INFO ] : Root WebApplicationContext: initialization completed in 1588 ms
2025-06-01 13:16:07.357[INFO ] : Adding welcome page template: index
2025-06-01 13:16:07.710[INFO ] : LiveReload server is running on port 35729
2025-06-01 13:16:07.765[INFO ] : Tomcat started on port 8080 (http) with context path '/'
2025-06-01 13:16:07.777[INFO ] : Started SpringBootTemplateApplication in 3.289 seconds (process running for 4.27)
2025-06-01 13:16:14.792[INFO ] : Initializing Spring DispatcherServlet 'dispatcherServlet'
2025-06-01 13:16:14.792[INFO ] : Initializing Servlet 'dispatcherServlet'
2025-06-01 13:16:14.793[INFO ] : Completed initialization in 0 ms
2025-06-01 13:16:21.655[INFO ] : HikariPool-1 - Starting...
2025-06-01 13:16:21.929[INFO ] : HikariPool-1 - Added connection net.sf.log4jdbc.sql.jdbcapi.ConnectionSpy@3820b9e5
2025-06-01 13:16:21.933[INFO ] : HikariPool-1 - Start completed.
2025-06-01 13:16:22.027[DEBUG] :  com.zaxxer.hikari.pool.ProxyPreparedStatement.execute(ProxyPreparedStatement.java:44)
1. SELECT * FROM member_table
 {executed in 17 msec}
2025-06-01 13:16:22.091[DEBUG] : MemberDTO_List: [MemberDTO(id=1, memberEmail=aaa, memberPassword=bbb, memberName=ccc, memberAge=111, memberMobile=111-222-333), MemberDTO(id=2, memberEmail=bbb, memberPassword=ccc, memberName=ddd, memberAge=222, memberMobile=222-333-444)]
2025-06-01 13:16:23.991[DEBUG] : ==>  Preparing: SELECT * FROM member_table WHERE id=?
2025-06-01 13:16:24.017[DEBUG] : ==> Parameters: 1(Long)
2025-06-01 13:16:24.019[DEBUG] :  com.zaxxer.hikari.pool.ProxyPreparedStatement.execute(ProxyPreparedStatement.java:44)
1. SELECT * FROM member_table WHERE id=1
 {executed in 1 msec}
2025-06-01 13:16:24.040[DEBUG] : <==      Total: 1
2025-06-01 13:16:24.041[DEBUG] : MemberDTO: MemberDTO(id=1, memberEmail=aaa, memberPassword=bbb, memberName=ccc, memberAge=111, memberMobile=111-222-333)
2025-06-01 13:16:31.310[INFO ] : HikariPool-1 - Shutdown initiated...
2025-06-01 13:16:31.319[INFO ] : HikariPool-1 - Shutdown completed.
2025-06-01 13:16:57.290[INFO ] : Starting SpringBootTemplateApplication using Java 17.0.12 with PID 6972 (D:\Web\Spring\Workspace\SpringBootTemplate\out\production\classes started by IDBS_Oculus in D:\Web\Spring\Workspace\SpringBootTemplate)
2025-06-01 13:16:57.291[DEBUG] : Running with Spring Boot v3.3.12, Spring v6.1.20
2025-06-01 13:16:57.292[INFO ] : No active profile set, falling back to 1 default profile: "default"
2025-06-01 13:16:57.369[INFO ] : Devtools property defaults active! Set 'spring.devtools.add-properties' to 'false' to disable
2025-06-01 13:16:57.370[INFO ] : For additional web related logging consider setting the 'logging.level.web' property to 'DEBUG'
2025-06-01 13:16:58.871[INFO ] : Tomcat initialized with port 8080 (http)
2025-06-01 13:16:58.891[INFO ] : Starting service [Tomcat]
2025-06-01 13:16:58.892[INFO ] : Starting Servlet engine: [Apache Tomcat/10.1.41]
2025-06-01 13:16:59.217[INFO ] : At least one JAR was scanned for TLDs yet contained no TLDs. Enable debug logging for this logger for a complete list of JARs that were scanned but no TLDs were found in them. Skipping unneeded JARs during scanning can improve startup time and JSP compilation time.
2025-06-01 13:16:59.233[INFO ] : Initializing Spring embedded WebApplicationContext
2025-06-01 13:16:59.234[INFO ] : Root WebApplicationContext: initialization completed in 1863 ms
2025-06-01 13:16:59.938[INFO ] : Adding welcome page template: index
2025-06-01 13:17:00.364[INFO ] : LiveReload server is running on port 35729
2025-06-01 13:17:00.427[INFO ] : Tomcat started on port 8080 (http) with context path '/'
2025-06-01 13:17:00.439[INFO ] : Started SpringBootTemplateApplication in 4.079 seconds (process running for 5.768)
2025-06-01 13:17:12.650[INFO ] : Initializing Spring DispatcherServlet 'dispatcherServlet'
2025-06-01 13:17:12.651[INFO ] : Initializing Servlet 'dispatcherServlet'
2025-06-01 13:17:12.652[INFO ] : Completed initialization in 1 ms
2025-06-01 13:17:12.706[INFO ] : HikariPool-1 - Starting...
2025-06-01 13:17:12.960[INFO ] : HikariPool-1 - Added connection net.sf.log4jdbc.sql.jdbcapi.ConnectionSpy@1bab2514
2025-06-01 13:17:12.963[INFO ] : HikariPool-1 - Start completed.
2025-06-01 13:17:13.043[DEBUG] :  com.zaxxer.hikari.pool.ProxyPreparedStatement.execute(ProxyPreparedStatement.java:44)
1. SELECT * FROM member_table
 {executed in 14 msec}
2025-06-01 13:17:13.089[DEBUG] : MemberDTO_List: [MemberDTO(id=1, memberEmail=aaa, memberPassword=bbb, memberName=ccc, memberAge=111, memberMobile=111-222-333), MemberDTO(id=2, memberEmail=bbb, memberPassword=ccc, memberName=ddd, memberAge=222, memberMobile=222-333-444)]
2025-06-01 13:17:17.047[WARN ] : Resolved [org.springframework.web.bind.MissingServletRequestParameterException: Required request parameter 'id' for method parameter type Long is not present]
2025-06-01 13:17:23.658[INFO ] : HikariPool-1 - Shutdown initiated...
2025-06-01 13:17:23.667[INFO ] : HikariPool-1 - Shutdown completed.
