2025-06-02 10:28:36.652[INFO ] : Starting SpringBootTemplateApplication using Java 17.0.12 with PID 9012 (D:\Web\Spring\Workspace\SpringBootTemplate\out\production\classes started by IDBS_Oculus in D:\Web\Spring\Workspace\SpringBootTemplate)
2025-06-02 10:28:36.654[DEBUG] : Running with Spring Boot v3.3.12, Spring v6.1.20
2025-06-02 10:28:36.655[INFO ] : No active profile set, falling back to 1 default profile: "default"
2025-06-02 10:28:36.725[INFO ] : Devtools property defaults active! Set 'spring.devtools.add-properties' to 'false' to disable
2025-06-02 10:28:36.725[INFO ] : For additional web related logging consider setting the 'logging.level.web' property to 'DEBUG'
2025-06-02 10:28:38.446[INFO ] : Tomcat initialized with port 8080 (http)
2025-06-02 10:28:38.463[INFO ] : Starting service [Tomcat]
2025-06-02 10:28:38.463[INFO ] : Starting Servlet engine: [Apache Tomcat/10.1.41]
2025-06-02 10:28:38.725[INFO ] : At least one JAR was scanned for TLDs yet contained no TLDs. Enable debug logging for this logger for a complete list of JARs that were scanned but no TLDs were found in them. Skipping unneeded JARs during scanning can improve startup time and JSP compilation time.
2025-06-02 10:28:38.739[INFO ] : Initializing Spring embedded WebApplicationContext
2025-06-02 10:28:38.739[INFO ] : Root WebApplicationContext: initialization completed in 2013 ms
2025-06-02 10:28:39.257[INFO ] : Adding welcome page template: index
2025-06-02 10:28:39.582[INFO ] : LiveReload server is running on port 35729
2025-06-02 10:28:39.632[INFO ] : Tomcat started on port 8080 (http) with context path '/'
2025-06-02 10:28:39.643[INFO ] : Started SpringBootTemplateApplication in 3.939 seconds (process running for 5.225)
2025-06-02 10:28:45.875[INFO ] : Initializing Spring DispatcherServlet 'dispatcherServlet'
2025-06-02 10:28:45.875[INFO ] : Initializing Servlet 'dispatcherServlet'
2025-06-02 10:28:45.876[INFO ] : Completed initialization in 1 ms
2025-06-02 10:28:45.932[INFO ] : HikariPool-1 - Starting...
2025-06-02 10:28:46.175[INFO ] : HikariPool-1 - Added connection net.sf.log4jdbc.sql.jdbcapi.ConnectionSpy@1e90dcdf
2025-06-02 10:28:46.178[INFO ] : HikariPool-1 - Start completed.
2025-06-02 10:28:46.264[DEBUG] :  com.zaxxer.hikari.pool.ProxyPreparedStatement.execute(ProxyPreparedStatement.java:44)
1. SELECT * FROM member_table
 {executed in 14 msec}
2025-06-02 10:28:46.341[DEBUG] : MemberDTO_List: [MemberDTO(id=1, memberEmail=aaa, memberPassword=bbb, memberName=ccc, memberAge=111, memberMobile=111-222-333), MemberDTO(id=2, memberEmail=bbb, memberPassword=ccc, memberName=ddd, memberAge=222, memberMobile=222-333-444)]
2025-06-02 10:28:49.285[DEBUG] : ==>  Preparing: SELECT * FROM member_table WHERE id=?
2025-06-02 10:28:49.307[DEBUG] : ==> Parameters: 1(Long)
2025-06-02 10:28:49.309[DEBUG] :  com.zaxxer.hikari.pool.ProxyPreparedStatement.execute(ProxyPreparedStatement.java:44)
1. SELECT * FROM member_table WHERE id=1
 {executed in 2 msec}
2025-06-02 10:28:49.327[DEBUG] : <==      Total: 1
2025-06-02 10:28:49.328[DEBUG] : MemberDTO: MemberDTO(id=1, memberEmail=aaa, memberPassword=bbb, memberName=ccc, memberAge=111, memberMobile=111-222-333)
2025-06-02 10:29:07.037[INFO ] : HikariPool-1 - Shutdown initiated...
2025-06-02 10:29:07.048[INFO ] : HikariPool-1 - Shutdown completed.
